<?xml version="1.0" encoding="UTF-8"?>
<testsuite xmlns:xsi="http://www.w3.org/2001/XMLSchema-instance" xsi:noNamespaceSchemaLocation="https://maven.apache.org/surefire/maven-surefire-plugin/xsd/surefire-test-report-3.0.xsd" version="3.0" name="TestSuite" time="66.847" tests="1" errors="0" skipped="0" failures="0">
  <properties>
    <property name="java.specification.version" value="17"/>
    <property name="sun.cpu.isalist" value="amd64"/>
    <property name="sun.jnu.encoding" value="Cp1252"/>
    <property name="java.class.path" value="D:\iNeuronWorkSpace\AutomationExercise\target\test-classes;D:\iNeuronWorkSpace\AutomationExercise\target\classes;C:\Users\abrar\.m2\repository\io\github\bonigarcia\webdrivermanager\5.2.1\webdrivermanager-5.2.1.jar;C:\Users\abrar\.m2\repository\org\slf4j\slf4j-api\1.7.36\slf4j-api-1.7.36.jar;C:\Users\abrar\.m2\repository\com\google\code\gson\gson\2.9.0\gson-2.9.0.jar;C:\Users\abrar\.m2\repository\com\github\docker-java\docker-java\3.2.13\docker-java-3.2.13.jar;C:\Users\abrar\.m2\repository\com\github\docker-java\docker-java-core\3.2.13\docker-java-core-3.2.13.jar;C:\Users\abrar\.m2\repository\com\github\docker-java\docker-java-api\3.2.13\docker-java-api-3.2.13.jar;C:\Users\abrar\.m2\repository\org\bouncycastle\bcpkix-jdk15on\1.64\bcpkix-jdk15on-1.64.jar;C:\Users\abrar\.m2\repository\org\bouncycastle\bcprov-jdk15on\1.64\bcprov-jdk15on-1.64.jar;C:\Users\abrar\.m2\repository\org\slf4j\jcl-over-slf4j\1.7.30\jcl-over-slf4j-1.7.30.jar;C:\Users\abrar\.m2\repository\com\github\docker-java\docker-java-transport-httpclient5\3.2.13\docker-java-transport-httpclient5-3.2.13.jar;C:\Users\abrar\.m2\repository\com\github\docker-java\docker-java-transport\3.2.13\docker-java-transport-3.2.13.jar;C:\Users\abrar\.m2\repository\net\java\dev\jna\jna\5.8.0\jna-5.8.0.jar;C:\Users\abrar\.m2\repository\org\brotli\dec\0.1.2\dec-0.1.2.jar;C:\Users\abrar\.m2\repository\org\apache\commons\commons-lang3\3.12.0\commons-lang3-3.12.0.jar;C:\Users\abrar\.m2\repository\org\apache\httpcomponents\client5\httpclient5\5.1.3\httpclient5-5.1.3.jar;C:\Users\abrar\.m2\repository\org\apache\httpcomponents\core5\httpcore5\5.1.3\httpcore5-5.1.3.jar;C:\Users\abrar\.m2\repository\org\apache\httpcomponents\core5\httpcore5-h2\5.1.3\httpcore5-h2-5.1.3.jar;C:\Users\abrar\.m2\repository\org\seleniumhq\selenium\selenium-java\4.8.2\selenium-java-4.8.2.jar;C:\Users\abrar\.m2\repository\org\seleniumhq\selenium\selenium-api\4.8.2\selenium-api-4.8.2.jar;C:\Users\abrar\.m2\repository\org\seleniumhq\selenium\selenium-chrome-driver\4.8.2\selenium-chrome-driver-4.8.2.jar;C:\Users\abrar\.m2\repository\com\google\auto\service\auto-service-annotations\1.0.1\auto-service-annotations-1.0.1.jar;C:\Users\abrar\.m2\repository\com\google\auto\service\auto-service\1.0.1\auto-service-1.0.1.jar;C:\Users\abrar\.m2\repository\com\google\auto\auto-common\1.2\auto-common-1.2.jar;C:\Users\abrar\.m2\repository\org\seleniumhq\selenium\selenium-chromium-driver\4.8.2\selenium-chromium-driver-4.8.2.jar;C:\Users\abrar\.m2\repository\org\seleniumhq\selenium\selenium-json\4.8.2\selenium-json-4.8.2.jar;C:\Users\abrar\.m2\repository\org\seleniumhq\selenium\selenium-manager\4.8.2\selenium-manager-4.8.2.jar;C:\Users\abrar\.m2\repository\org\seleniumhq\selenium\selenium-devtools-v109\4.8.2\selenium-devtools-v109-4.8.2.jar;C:\Users\abrar\.m2\repository\org\seleniumhq\selenium\selenium-devtools-v110\4.8.2\selenium-devtools-v110-4.8.2.jar;C:\Users\abrar\.m2\repository\org\seleniumhq\selenium\selenium-devtools-v111\4.8.2\selenium-devtools-v111-4.8.2.jar;C:\Users\abrar\.m2\repository\org\seleniumhq\selenium\selenium-devtools-v85\4.8.2\selenium-devtools-v85-4.8.2.jar;C:\Users\abrar\.m2\repository\org\seleniumhq\selenium\selenium-edge-driver\4.8.2\selenium-edge-driver-4.8.2.jar;C:\Users\abrar\.m2\repository\org\seleniumhq\selenium\selenium-firefox-driver\4.8.2\selenium-firefox-driver-4.8.2.jar;C:\Users\abrar\.m2\repository\org\seleniumhq\selenium\selenium-http\4.8.2\selenium-http-4.8.2.jar;C:\Users\abrar\.m2\repository\dev\failsafe\failsafe\3.3.1\failsafe-3.3.1.jar;C:\Users\abrar\.m2\repository\org\seleniumhq\selenium\selenium-ie-driver\4.8.2\selenium-ie-driver-4.8.2.jar;C:\Users\abrar\.m2\repository\org\seleniumhq\selenium\selenium-remote-driver\4.8.2\selenium-remote-driver-4.8.2.jar;C:\Users\abrar\.m2\repository\io\netty\netty-buffer\4.1.90.Final\netty-buffer-4.1.90.Final.jar;C:\Users\abrar\.m2\repository\io\netty\netty-codec-http\4.1.90.Final\netty-codec-http-4.1.90.Final.jar;C:\Users\abrar\.m2\repository\io\netty\netty-codec\4.1.90.Final\netty-codec-4.1.90.Final.jar;C:\Users\abrar\.m2\repository\io\netty\netty-handler\4.1.90.Final\netty-handler-4.1.90.Final.jar;C:\Users\abrar\.m2\repository\io\netty\netty-common\4.1.90.Final\netty-common-4.1.90.Final.jar;C:\Users\abrar\.m2\repository\io\netty\netty-transport-classes-epoll\4.1.90.Final\netty-transport-classes-epoll-4.1.90.Final.jar;C:\Users\abrar\.m2\repository\io\netty\netty-transport-classes-kqueue\4.1.90.Final\netty-transport-classes-kqueue-4.1.90.Final.jar;C:\Users\abrar\.m2\repository\io\netty\netty-transport-native-epoll\4.1.90.Final\netty-transport-native-epoll-4.1.90.Final.jar;C:\Users\abrar\.m2\repository\io\netty\netty-transport-native-kqueue\4.1.90.Final\netty-transport-native-kqueue-4.1.90.Final.jar;C:\Users\abrar\.m2\repository\io\netty\netty-transport-native-unix-common\4.1.90.Final\netty-transport-native-unix-common-4.1.90.Final.jar;C:\Users\abrar\.m2\repository\io\netty\netty-transport\4.1.90.Final\netty-transport-4.1.90.Final.jar;C:\Users\abrar\.m2\repository\io\netty\netty-resolver\4.1.90.Final\netty-resolver-4.1.90.Final.jar;C:\Users\abrar\.m2\repository\io\opentelemetry\opentelemetry-api\1.24.0\opentelemetry-api-1.24.0.jar;C:\Users\abrar\.m2\repository\io\opentelemetry\opentelemetry-context\1.24.0\opentelemetry-context-1.24.0.jar;C:\Users\abrar\.m2\repository\io\opentelemetry\opentelemetry-exporter-logging\1.24.0\opentelemetry-exporter-logging-1.24.0.jar;C:\Users\abrar\.m2\repository\io\opentelemetry\opentelemetry-sdk-metrics\1.24.0\opentelemetry-sdk-metrics-1.24.0.jar;C:\Users\abrar\.m2\repository\io\opentelemetry\opentelemetry-sdk-logs\1.24.0-alpha\opentelemetry-sdk-logs-1.24.0-alpha.jar;C:\Users\abrar\.m2\repository\io\opentelemetry\opentelemetry-api-logs\1.24.0-alpha\opentelemetry-api-logs-1.24.0-alpha.jar;C:\Users\abrar\.m2\repository\io\opentelemetry\opentelemetry-api-events\1.24.0-alpha\opentelemetry-api-events-1.24.0-alpha.jar;C:\Users\abrar\.m2\repository\io\opentelemetry\opentelemetry-sdk-common\1.24.0\opentelemetry-sdk-common-1.24.0.jar;C:\Users\abrar\.m2\repository\io\opentelemetry\opentelemetry-sdk-extension-autoconfigure-spi\1.24.0\opentelemetry-sdk-extension-autoconfigure-spi-1.24.0.jar;C:\Users\abrar\.m2\repository\io\opentelemetry\opentelemetry-sdk-extension-autoconfigure\1.24.0-alpha\opentelemetry-sdk-extension-autoconfigure-1.24.0-alpha.jar;C:\Users\abrar\.m2\repository\io\opentelemetry\opentelemetry-sdk-trace\1.24.0\opentelemetry-sdk-trace-1.24.0.jar;C:\Users\abrar\.m2\repository\io\opentelemetry\opentelemetry-sdk\1.24.0\opentelemetry-sdk-1.24.0.jar;C:\Users\abrar\.m2\repository\io\opentelemetry\opentelemetry-semconv\1.24.0-alpha\opentelemetry-semconv-1.24.0-alpha.jar;C:\Users\abrar\.m2\repository\io\ous\jtoml\2.0.0\jtoml-2.0.0.jar;C:\Users\abrar\.m2\repository\net\bytebuddy\byte-buddy\1.14.2\byte-buddy-1.14.2.jar;C:\Users\abrar\.m2\repository\org\apache\commons\commons-exec\1.3\commons-exec-1.3.jar;C:\Users\abrar\.m2\repository\org\asynchttpclient\async-http-client\2.12.3\async-http-client-2.12.3.jar;C:\Users\abrar\.m2\repository\org\asynchttpclient\async-http-client-netty-utils\2.12.3\async-http-client-netty-utils-2.12.3.jar;C:\Users\abrar\.m2\repository\io\netty\netty-codec-socks\4.1.60.Final\netty-codec-socks-4.1.60.Final.jar;C:\Users\abrar\.m2\repository\io\netty\netty-handler-proxy\4.1.60.Final\netty-handler-proxy-4.1.60.Final.jar;C:\Users\abrar\.m2\repository\io\netty\netty-transport-native-epoll\4.1.60.Final\netty-transport-native-epoll-4.1.60.Final-linux-x86_64.jar;C:\Users\abrar\.m2\repository\io\netty\netty-transport-native-kqueue\4.1.60.Final\netty-transport-native-kqueue-4.1.60.Final-osx-x86_64.jar;C:\Users\abrar\.m2\repository\com\typesafe\netty\netty-reactive-streams\2.0.4\netty-reactive-streams-2.0.4.jar;C:\Users\abrar\.m2\repository\com\sun\activation\jakarta.activation\1.2.2\jakarta.activation-1.2.2.jar;C:\Users\abrar\.m2\repository\org\seleniumhq\selenium\selenium-safari-driver\4.8.2\selenium-safari-driver-4.8.2.jar;C:\Users\abrar\.m2\repository\org\seleniumhq\selenium\selenium-support\4.8.2\selenium-support-4.8.2.jar;C:\Users\abrar\.m2\repository\io\cucumber\cucumber-java\7.3.4\cucumber-java-7.3.4.jar;C:\Users\abrar\.m2\repository\io\cucumber\cucumber-core\7.3.4\cucumber-core-7.3.4.jar;C:\Users\abrar\.m2\repository\io\cucumber\cucumber-gherkin\7.3.4\cucumber-gherkin-7.3.4.jar;C:\Users\abrar\.m2\repository\io\cucumber\cucumber-gherkin-messages\7.3.4\cucumber-gherkin-messages-7.3.4.jar;C:\Users\abrar\.m2\repository\io\cucumber\tag-expressions\4.1.0\tag-expressions-4.1.0.jar;C:\Users\abrar\.m2\repository\io\cucumber\cucumber-expressions\15.1.1\cucumber-expressions-15.1.1.jar;C:\Users\abrar\.m2\repository\io\cucumber\cucumber-plugin\7.3.4\cucumber-plugin-7.3.4.jar;C:\Users\abrar\.m2\repository\io\cucumber\docstring\7.3.4\docstring-7.3.4.jar;C:\Users\abrar\.m2\repository\io\cucumber\html-formatter\19.1.0\html-formatter-19.1.0.jar;C:\Users\abrar\.m2\repository\io\cucumber\ci-environment\9.0.4\ci-environment-9.0.4.jar;C:\Users\abrar\.m2\repository\org\apiguardian\apiguardian-api\1.1.2\apiguardian-api-1.1.2.jar;C:\Users\abrar\.m2\repository\io\cucumber\cucumber-junit\7.3.4\cucumber-junit-7.3.4.jar;C:\Users\abrar\.m2\repository\junit\junit\4.13.2\junit-4.13.2.jar;C:\Users\abrar\.m2\repository\io\cucumber\cucumber-testng\7.4.1\cucumber-testng-7.4.1.jar;C:\Users\abrar\.m2\repository\io\cucumber\cucumber-jvm-deps\1.0.6\cucumber-jvm-deps-1.0.6.jar;C:\Users\abrar\.m2\repository\net\masterthought\cucumber-reporting\5.7.1\cucumber-reporting-5.7.1.jar;C:\Users\abrar\.m2\repository\com\fasterxml\jackson\core\jackson-databind\2.13.2.2\jackson-databind-2.13.2.2.jar;C:\Users\abrar\.m2\repository\com\fasterxml\jackson\core\jackson-annotations\2.13.2\jackson-annotations-2.13.2.jar;C:\Users\abrar\.m2\repository\com\fasterxml\jackson\core\jackson-core\2.13.2\jackson-core-2.13.2.jar;C:\Users\abrar\.m2\repository\com\fasterxml\jackson\datatype\jackson-datatype-jsr310\2.13.2\jackson-datatype-jsr310-2.13.2.jar;C:\Users\abrar\.m2\repository\org\apache\velocity\velocity-engine-core\2.3\velocity-engine-core-2.3.jar;C:\Users\abrar\.m2\repository\commons-collections\commons-collections\3.2.2\commons-collections-3.2.2.jar;C:\Users\abrar\.m2\repository\joda-time\joda-time\2.10.14\joda-time-2.10.14.jar;C:\Users\abrar\.m2\repository\org\codehaus\plexus\plexus-utils\3.4.2\plexus-utils-3.4.2.jar;C:\Users\abrar\.m2\repository\org\jsoup\jsoup\1.15.1\jsoup-1.15.1.jar;C:\Users\abrar\.m2\repository\com\google\guava\guava\31.1-jre\guava-31.1-jre.jar;C:\Users\abrar\.m2\repository\com\google\guava\failureaccess\1.0.1\failureaccess-1.0.1.jar;C:\Users\abrar\.m2\repository\com\google\guava\listenablefuture\9999.0-empty-to-avoid-conflict-with-guava\listenablefuture-9999.0-empty-to-avoid-conflict-with-guava.jar;C:\Users\abrar\.m2\repository\com\google\code\findbugs\jsr305\3.0.2\jsr305-3.0.2.jar;C:\Users\abrar\.m2\repository\org\checkerframework\checker-qual\3.12.0\checker-qual-3.12.0.jar;C:\Users\abrar\.m2\repository\com\google\errorprone\error_prone_annotations\2.11.0\error_prone_annotations-2.11.0.jar;C:\Users\abrar\.m2\repository\com\google\j2objc\j2objc-annotations\1.3\j2objc-annotations-1.3.jar;C:\Users\abrar\.m2\repository\com\googlecode\owasp-java-html-sanitizer\owasp-java-html-sanitizer\20211018.2\owasp-java-html-sanitizer-20211018.2.jar;C:\Users\abrar\.m2\repository\commons-configuration\commons-configuration\1.10\commons-configuration-1.10.jar;C:\Users\abrar\.m2\repository\commons-lang\commons-lang\2.6\commons-lang-2.6.jar;C:\Users\abrar\.m2\repository\commons-logging\commons-logging\1.1.1\commons-logging-1.1.1.jar;C:\Users\abrar\.m2\repository\io\cucumber\cucumber-html\0.2.7\cucumber-html-0.2.7.jar;C:\Users\abrar\.m2\repository\org\hamcrest\hamcrest-core\2.2\hamcrest-core-2.2.jar;C:\Users\abrar\.m2\repository\org\hamcrest\hamcrest\2.2\hamcrest-2.2.jar;C:\Users\abrar\.m2\repository\io\cucumber\gherkin\23.0.1\gherkin-23.0.1.jar;C:\Users\abrar\.m2\repository\io\cucumber\messages\18.0.0\messages-18.0.0.jar;C:\Users\abrar\.m2\repository\net\sourceforge\cobertura\cobertura\2.1.1\cobertura-2.1.1.jar;C:\Users\abrar\.m2\repository\org\ow2\asm\asm\5.0.1\asm-5.0.1.jar;C:\Users\abrar\.m2\repository\org\ow2\asm\asm-tree\5.0.1\asm-tree-5.0.1.jar;C:\Users\abrar\.m2\repository\org\ow2\asm\asm-commons\5.0.1\asm-commons-5.0.1.jar;C:\Users\abrar\.m2\repository\org\ow2\asm\asm-util\5.0.1\asm-util-5.0.1.jar;C:\Users\abrar\.m2\repository\org\ow2\asm\asm-analysis\5.0.1\asm-analysis-5.0.1.jar;C:\Users\abrar\.m2\repository\oro\oro\2.0.8\oro-2.0.8.jar;C:\Users\abrar\.m2\repository\jaxen\jaxen\1.1.4\jaxen-1.1.4.jar;C:\Users\abrar\.m2\repository\org\apache\ant\ant\1.8.3\ant-1.8.3.jar;C:\Users\abrar\.m2\repository\org\apache\ant\ant-launcher\1.8.3\ant-launcher-1.8.3.jar;C:\Users\abrar\.m2\repository\org\apache\ant\ant-junit\1.8.3\ant-junit-1.8.3.jar;C:\Users\abrar\.m2\repository\org\mortbay\jetty\servlet-api-2.5\6.1.14\servlet-api-2.5-6.1.14.jar;C:\Users\abrar\.m2\repository\org\mortbay\jetty\jetty\6.1.14\jetty-6.1.14.jar;C:\Users\abrar\.m2\repository\org\mortbay\jetty\jetty-util\6.1.14\jetty-util-6.1.14.jar;C:\Users\abrar\.m2\repository\ch\qos\logback\logback-classic\1.0.13\logback-classic-1.0.13.jar;C:\Users\abrar\.m2\repository\ch\qos\logback\logback-core\1.0.13\logback-core-1.0.13.jar;C:\Users\abrar\.m2\repository\org\apache\poi\poi\5.2.2\poi-5.2.2.jar;C:\Users\abrar\.m2\repository\commons-codec\commons-codec\1.15\commons-codec-1.15.jar;C:\Users\abrar\.m2\repository\org\apache\commons\commons-collections4\4.4\commons-collections4-4.4.jar;C:\Users\abrar\.m2\repository\org\apache\commons\commons-math3\3.6.1\commons-math3-3.6.1.jar;C:\Users\abrar\.m2\repository\com\zaxxer\SparseBitSet\1.2\SparseBitSet-1.2.jar;C:\Users\abrar\.m2\repository\org\apache\poi\poi-ooxml\5.2.2\poi-ooxml-5.2.2.jar;C:\Users\abrar\.m2\repository\org\apache\poi\poi-ooxml-lite\5.2.2\poi-ooxml-lite-5.2.2.jar;C:\Users\abrar\.m2\repository\org\apache\xmlbeans\xmlbeans\5.0.3\xmlbeans-5.0.3.jar;C:\Users\abrar\.m2\repository\org\apache\commons\commons-compress\1.21\commons-compress-1.21.jar;C:\Users\abrar\.m2\repository\com\github\virtuald\curvesapi\1.07\curvesapi-1.07.jar;C:\Program Files\Java\jdk1.8.0_202\lib\tools.jar;C:\Users\abrar\.m2\repository\io\cucumber\datatable-dependencies\1.1.12\datatable-dependencies-1.1.12.jar;C:\Users\abrar\.m2\repository\io\cucumber\datatable\1.0.3\datatable-1.0.3.jar;C:\Users\abrar\.m2\repository\commons-io\commons-io\2.11.0\commons-io-2.11.0.jar;C:\Users\abrar\.m2\repository\org\apache\logging\log4j\log4j-core\2.17.2\log4j-core-2.17.2.jar;C:\Users\abrar\.m2\repository\org\apache\logging\log4j\log4j-api\2.17.2\log4j-api-2.17.2.jar;C:\Users\abrar\.m2\repository\org\testng\testng\7.4.0\testng-7.4.0.jar;C:\Users\abrar\.m2\repository\com\beust\jcommander\1.78\jcommander-1.78.jar;C:\Users\abrar\.m2\repository\org\webjars\jquery\3.5.1\jquery-3.5.1.jar;C:\Users\abrar\.m2\repository\com\aventstack\extentreports\5.0.9\extentreports-5.0.9.jar;C:\Users\abrar\.m2\repository\io\reactivex\rxjava3\rxjava\3.0.4\rxjava-3.0.4.jar;C:\Users\abrar\.m2\repository\org\reactivestreams\reactive-streams\1.0.3\reactive-streams-1.0.3.jar;C:\Users\abrar\.m2\repository\org\freemarker\freemarker\2.3.30\freemarker-2.3.30.jar;C:\Users\abrar\.m2\repository\org\projectlombok\lombok\1.18.12\lombok-1.18.12.jar;C:\Users\abrar\.m2\repository\tech\grasshopper\extentreports-cucumber7-adapter\1.7.0\extentreports-cucumber7-adapter-1.7.0.jar;C:\Users\abrar\.m2\repository\tech\grasshopper\extent-pdf-report\2.7.0\extent-pdf-report-2.7.0.jar;C:\Users\abrar\.m2\repository\tech\grasshopper\cucumber-pdf-report\2.10.0\cucumber-pdf-report-2.10.0.jar;C:\Users\abrar\.m2\repository\org\apache\pdfbox\pdfbox\2.0.26\pdfbox-2.0.26.jar;C:\Users\abrar\.m2\repository\org\apache\pdfbox\fontbox\2.0.26\fontbox-2.0.26.jar;C:\Users\abrar\.m2\repository\org\knowm\xchart\xchart\3.8.0\xchart-3.8.0.jar;C:\Users\abrar\.m2\repository\de\erichseifert\vectorgraphics2d\VectorGraphics2D\0.13\VectorGraphics2D-0.13.jar;C:\Users\abrar\.m2\repository\de\rototor\pdfbox\graphics2d\0.30\graphics2d-0.30.jar;C:\Users\abrar\.m2\repository\com\madgag\animated-gif-lib\1.4\animated-gif-lib-1.4.jar;C:\Users\abrar\.m2\repository\org\yaml\snakeyaml\1.28\snakeyaml-1.28.jar;C:\Users\abrar\.m2\repository\tech\grasshopper\table-layout\1.5.1\table-layout-1.5.1.jar;C:\Users\abrar\.m2\repository\tech\grasshopper\rest-assured-cucumber-pdf-report\1.4.1\rest-assured-cucumber-pdf-report-1.4.1.jar;C:\Users\abrar\.m2\repository\com\aventstack\klov-reporter\5.0.9\klov-reporter-5.0.9.jar;C:\Users\abrar\.m2\repository\org\mongodb\mongodb-driver\3.6.4\mongodb-driver-3.6.4.jar;C:\Users\abrar\.m2\repository\org\mongodb\mongodb-driver-core\3.6.4\mongodb-driver-core-3.6.4.jar;C:\Users\abrar\.m2\repository\org\mongodb\bson\3.6.4\bson-3.6.4.jar;C:\Users\abrar\.m2\repository\org\apache\httpcomponents\httpclient\4.5.13\httpclient-4.5.13.jar;C:\Users\abrar\.m2\repository\org\apache\httpcomponents\httpcore\4.4.13\httpcore-4.4.13.jar;C:\Users\abrar\.m2\repository\org\apache\httpcomponents\httpmime\4.5.13\httpmime-4.5.13.jar;C:\Users\abrar\.m2\repository\tech\grasshopper\htmlextentreporter\1.0.1\htmlextentreporter-1.0.1.jar;"/>
    <property name="java.vm.vendor" value="Eclipse Adoptium"/>
    <property name="sun.arch.data.model" value="64"/>
    <property name="user.variant" value=""/>
    <property name="java.vendor.url" value="https://adoptium.net/"/>
    <property name="user.timezone" value="Asia/Calcutta"/>
    <property name="os.name" value="Windows 11"/>
    <property name="java.vm.specification.version" value="17"/>
    <property name="sun.java.launcher" value="SUN_STANDARD"/>
    <property name="user.country" value="IN"/>
    <property name="sun.boot.library.path" value="D:\eclipse-java-2022-09-R-win32-x86_64\eclipse\plugins\org.eclipse.justj.openjdk.hotspot.jre.full.win32.x86_64_17.0.4.v20220903-1038\jre\bin"/>
    <property name="sun.java.command" value="C:\Users\abrar\AppData\Local\Temp\surefire6066557819138255044\surefirebooter-20230419212503350_3.jar C:\Users\abrar\AppData\Local\Temp\surefire6066557819138255044 2023-04-19T21-25-02_512-jvmRun1 surefire-20230419212503350_1tmp surefire_0-20230419212503350_2tmp"/>
    <property name="jdk.debug" value="release"/>
    <property name="surefire.test.class.path" value="D:\iNeuronWorkSpace\AutomationExercise\target\test-classes;D:\iNeuronWorkSpace\AutomationExercise\target\classes;C:\Users\abrar\.m2\repository\io\github\bonigarcia\webdrivermanager\5.2.1\webdrivermanager-5.2.1.jar;C:\Users\abrar\.m2\repository\org\slf4j\slf4j-api\1.7.36\slf4j-api-1.7.36.jar;C:\Users\abrar\.m2\repository\com\google\code\gson\gson\2.9.0\gson-2.9.0.jar;C:\Users\abrar\.m2\repository\com\github\docker-java\docker-java\3.2.13\docker-java-3.2.13.jar;C:\Users\abrar\.m2\repository\com\github\docker-java\docker-java-core\3.2.13\docker-java-core-3.2.13.jar;C:\Users\abrar\.m2\repository\com\github\docker-java\docker-java-api\3.2.13\docker-java-api-3.2.13.jar;C:\Users\abrar\.m2\repository\org\bouncycastle\bcpkix-jdk15on\1.64\bcpkix-jdk15on-1.64.jar;C:\Users\abrar\.m2\repository\org\bouncycastle\bcprov-jdk15on\1.64\bcprov-jdk15on-1.64.jar;C:\Users\abrar\.m2\repository\org\slf4j\jcl-over-slf4j\1.7.30\jcl-over-slf4j-1.7.30.jar;C:\Users\abrar\.m2\repository\com\github\docker-java\docker-java-transport-httpclient5\3.2.13\docker-java-transport-httpclient5-3.2.13.jar;C:\Users\abrar\.m2\repository\com\github\docker-java\docker-java-transport\3.2.13\docker-java-transport-3.2.13.jar;C:\Users\abrar\.m2\repository\net\java\dev\jna\jna\5.8.0\jna-5.8.0.jar;C:\Users\abrar\.m2\repository\org\brotli\dec\0.1.2\dec-0.1.2.jar;C:\Users\abrar\.m2\repository\org\apache\commons\commons-lang3\3.12.0\commons-lang3-3.12.0.jar;C:\Users\abrar\.m2\repository\org\apache\httpcomponents\client5\httpclient5\5.1.3\httpclient5-5.1.3.jar;C:\Users\abrar\.m2\repository\org\apache\httpcomponents\core5\httpcore5\5.1.3\httpcore5-5.1.3.jar;C:\Users\abrar\.m2\repository\org\apache\httpcomponents\core5\httpcore5-h2\5.1.3\httpcore5-h2-5.1.3.jar;C:\Users\abrar\.m2\repository\org\seleniumhq\selenium\selenium-java\4.8.2\selenium-java-4.8.2.jar;C:\Users\abrar\.m2\repository\org\seleniumhq\selenium\selenium-api\4.8.2\selenium-api-4.8.2.jar;C:\Users\abrar\.m2\repository\org\seleniumhq\selenium\selenium-chrome-driver\4.8.2\selenium-chrome-driver-4.8.2.jar;C:\Users\abrar\.m2\repository\com\google\auto\service\auto-service-annotations\1.0.1\auto-service-annotations-1.0.1.jar;C:\Users\abrar\.m2\repository\com\google\auto\service\auto-service\1.0.1\auto-service-1.0.1.jar;C:\Users\abrar\.m2\repository\com\google\auto\auto-common\1.2\auto-common-1.2.jar;C:\Users\abrar\.m2\repository\org\seleniumhq\selenium\selenium-chromium-driver\4.8.2\selenium-chromium-driver-4.8.2.jar;C:\Users\abrar\.m2\repository\org\seleniumhq\selenium\selenium-json\4.8.2\selenium-json-4.8.2.jar;C:\Users\abrar\.m2\repository\org\seleniumhq\selenium\selenium-manager\4.8.2\selenium-manager-4.8.2.jar;C:\Users\abrar\.m2\repository\org\seleniumhq\selenium\selenium-devtools-v109\4.8.2\selenium-devtools-v109-4.8.2.jar;C:\Users\abrar\.m2\repository\org\seleniumhq\selenium\selenium-devtools-v110\4.8.2\selenium-devtools-v110-4.8.2.jar;C:\Users\abrar\.m2\repository\org\seleniumhq\selenium\selenium-devtools-v111\4.8.2\selenium-devtools-v111-4.8.2.jar;C:\Users\abrar\.m2\repository\org\seleniumhq\selenium\selenium-devtools-v85\4.8.2\selenium-devtools-v85-4.8.2.jar;C:\Users\abrar\.m2\repository\org\seleniumhq\selenium\selenium-edge-driver\4.8.2\selenium-edge-driver-4.8.2.jar;C:\Users\abrar\.m2\repository\org\seleniumhq\selenium\selenium-firefox-driver\4.8.2\selenium-firefox-driver-4.8.2.jar;C:\Users\abrar\.m2\repository\org\seleniumhq\selenium\selenium-http\4.8.2\selenium-http-4.8.2.jar;C:\Users\abrar\.m2\repository\dev\failsafe\failsafe\3.3.1\failsafe-3.3.1.jar;C:\Users\abrar\.m2\repository\org\seleniumhq\selenium\selenium-ie-driver\4.8.2\selenium-ie-driver-4.8.2.jar;C:\Users\abrar\.m2\repository\org\seleniumhq\selenium\selenium-remote-driver\4.8.2\selenium-remote-driver-4.8.2.jar;C:\Users\abrar\.m2\repository\io\netty\netty-buffer\4.1.90.Final\netty-buffer-4.1.90.Final.jar;C:\Users\abrar\.m2\repository\io\netty\netty-codec-http\4.1.90.Final\netty-codec-http-4.1.90.Final.jar;C:\Users\abrar\.m2\repository\io\netty\netty-codec\4.1.90.Final\netty-codec-4.1.90.Final.jar;C:\Users\abrar\.m2\repository\io\netty\netty-handler\4.1.90.Final\netty-handler-4.1.90.Final.jar;C:\Users\abrar\.m2\repository\io\netty\netty-common\4.1.90.Final\netty-common-4.1.90.Final.jar;C:\Users\abrar\.m2\repository\io\netty\netty-transport-classes-epoll\4.1.90.Final\netty-transport-classes-epoll-4.1.90.Final.jar;C:\Users\abrar\.m2\repository\io\netty\netty-transport-classes-kqueue\4.1.90.Final\netty-transport-classes-kqueue-4.1.90.Final.jar;C:\Users\abrar\.m2\repository\io\netty\netty-transport-native-epoll\4.1.90.Final\netty-transport-native-epoll-4.1.90.Final.jar;C:\Users\abrar\.m2\repository\io\netty\netty-transport-native-kqueue\4.1.90.Final\netty-transport-native-kqueue-4.1.90.Final.jar;C:\Users\abrar\.m2\repository\io\netty\netty-transport-native-unix-common\4.1.90.Final\netty-transport-native-unix-common-4.1.90.Final.jar;C:\Users\abrar\.m2\repository\io\netty\netty-transport\4.1.90.Final\netty-transport-4.1.90.Final.jar;C:\Users\abrar\.m2\repository\io\netty\netty-resolver\4.1.90.Final\netty-resolver-4.1.90.Final.jar;C:\Users\abrar\.m2\repository\io\opentelemetry\opentelemetry-api\1.24.0\opentelemetry-api-1.24.0.jar;C:\Users\abrar\.m2\repository\io\opentelemetry\opentelemetry-context\1.24.0\opentelemetry-context-1.24.0.jar;C:\Users\abrar\.m2\repository\io\opentelemetry\opentelemetry-exporter-logging\1.24.0\opentelemetry-exporter-logging-1.24.0.jar;C:\Users\abrar\.m2\repository\io\opentelemetry\opentelemetry-sdk-metrics\1.24.0\opentelemetry-sdk-metrics-1.24.0.jar;C:\Users\abrar\.m2\repository\io\opentelemetry\opentelemetry-sdk-logs\1.24.0-alpha\opentelemetry-sdk-logs-1.24.0-alpha.jar;C:\Users\abrar\.m2\repository\io\opentelemetry\opentelemetry-api-logs\1.24.0-alpha\opentelemetry-api-logs-1.24.0-alpha.jar;C:\Users\abrar\.m2\repository\io\opentelemetry\opentelemetry-api-events\1.24.0-alpha\opentelemetry-api-events-1.24.0-alpha.jar;C:\Users\abrar\.m2\repository\io\opentelemetry\opentelemetry-sdk-common\1.24.0\opentelemetry-sdk-common-1.24.0.jar;C:\Users\abrar\.m2\repository\io\opentelemetry\opentelemetry-sdk-extension-autoconfigure-spi\1.24.0\opentelemetry-sdk-extension-autoconfigure-spi-1.24.0.jar;C:\Users\abrar\.m2\repository\io\opentelemetry\opentelemetry-sdk-extension-autoconfigure\1.24.0-alpha\opentelemetry-sdk-extension-autoconfigure-1.24.0-alpha.jar;C:\Users\abrar\.m2\repository\io\opentelemetry\opentelemetry-sdk-trace\1.24.0\opentelemetry-sdk-trace-1.24.0.jar;C:\Users\abrar\.m2\repository\io\opentelemetry\opentelemetry-sdk\1.24.0\opentelemetry-sdk-1.24.0.jar;C:\Users\abrar\.m2\repository\io\opentelemetry\opentelemetry-semconv\1.24.0-alpha\opentelemetry-semconv-1.24.0-alpha.jar;C:\Users\abrar\.m2\repository\io\ous\jtoml\2.0.0\jtoml-2.0.0.jar;C:\Users\abrar\.m2\repository\net\bytebuddy\byte-buddy\1.14.2\byte-buddy-1.14.2.jar;C:\Users\abrar\.m2\repository\org\apache\commons\commons-exec\1.3\commons-exec-1.3.jar;C:\Users\abrar\.m2\repository\org\asynchttpclient\async-http-client\2.12.3\async-http-client-2.12.3.jar;C:\Users\abrar\.m2\repository\org\asynchttpclient\async-http-client-netty-utils\2.12.3\async-http-client-netty-utils-2.12.3.jar;C:\Users\abrar\.m2\repository\io\netty\netty-codec-socks\4.1.60.Final\netty-codec-socks-4.1.60.Final.jar;C:\Users\abrar\.m2\repository\io\netty\netty-handler-proxy\4.1.60.Final\netty-handler-proxy-4.1.60.Final.jar;C:\Users\abrar\.m2\repository\io\netty\netty-transport-native-epoll\4.1.60.Final\netty-transport-native-epoll-4.1.60.Final-linux-x86_64.jar;C:\Users\abrar\.m2\repository\io\netty\netty-transport-native-kqueue\4.1.60.Final\netty-transport-native-kqueue-4.1.60.Final-osx-x86_64.jar;C:\Users\abrar\.m2\repository\com\typesafe\netty\netty-reactive-streams\2.0.4\netty-reactive-streams-2.0.4.jar;C:\Users\abrar\.m2\repository\com\sun\activation\jakarta.activation\1.2.2\jakarta.activation-1.2.2.jar;C:\Users\abrar\.m2\repository\org\seleniumhq\selenium\selenium-safari-driver\4.8.2\selenium-safari-driver-4.8.2.jar;C:\Users\abrar\.m2\repository\org\seleniumhq\selenium\selenium-support\4.8.2\selenium-support-4.8.2.jar;C:\Users\abrar\.m2\repository\io\cucumber\cucumber-java\7.3.4\cucumber-java-7.3.4.jar;C:\Users\abrar\.m2\repository\io\cucumber\cucumber-core\7.3.4\cucumber-core-7.3.4.jar;C:\Users\abrar\.m2\repository\io\cucumber\cucumber-gherkin\7.3.4\cucumber-gherkin-7.3.4.jar;C:\Users\abrar\.m2\repository\io\cucumber\cucumber-gherkin-messages\7.3.4\cucumber-gherkin-messages-7.3.4.jar;C:\Users\abrar\.m2\repository\io\cucumber\tag-expressions\4.1.0\tag-expressions-4.1.0.jar;C:\Users\abrar\.m2\repository\io\cucumber\cucumber-expressions\15.1.1\cucumber-expressions-15.1.1.jar;C:\Users\abrar\.m2\repository\io\cucumber\cucumber-plugin\7.3.4\cucumber-plugin-7.3.4.jar;C:\Users\abrar\.m2\repository\io\cucumber\docstring\7.3.4\docstring-7.3.4.jar;C:\Users\abrar\.m2\repository\io\cucumber\html-formatter\19.1.0\html-formatter-19.1.0.jar;C:\Users\abrar\.m2\repository\io\cucumber\ci-environment\9.0.4\ci-environment-9.0.4.jar;C:\Users\abrar\.m2\repository\org\apiguardian\apiguardian-api\1.1.2\apiguardian-api-1.1.2.jar;C:\Users\abrar\.m2\repository\io\cucumber\cucumber-junit\7.3.4\cucumber-junit-7.3.4.jar;C:\Users\abrar\.m2\repository\junit\junit\4.13.2\junit-4.13.2.jar;C:\Users\abrar\.m2\repository\io\cucumber\cucumber-testng\7.4.1\cucumber-testng-7.4.1.jar;C:\Users\abrar\.m2\repository\io\cucumber\cucumber-jvm-deps\1.0.6\cucumber-jvm-deps-1.0.6.jar;C:\Users\abrar\.m2\repository\net\masterthought\cucumber-reporting\5.7.1\cucumber-reporting-5.7.1.jar;C:\Users\abrar\.m2\repository\com\fasterxml\jackson\core\jackson-databind\2.13.2.2\jackson-databind-2.13.2.2.jar;C:\Users\abrar\.m2\repository\com\fasterxml\jackson\core\jackson-annotations\2.13.2\jackson-annotations-2.13.2.jar;C:\Users\abrar\.m2\repository\com\fasterxml\jackson\core\jackson-core\2.13.2\jackson-core-2.13.2.jar;C:\Users\abrar\.m2\repository\com\fasterxml\jackson\datatype\jackson-datatype-jsr310\2.13.2\jackson-datatype-jsr310-2.13.2.jar;C:\Users\abrar\.m2\repository\org\apache\velocity\velocity-engine-core\2.3\velocity-engine-core-2.3.jar;C:\Users\abrar\.m2\repository\commons-collections\commons-collections\3.2.2\commons-collections-3.2.2.jar;C:\Users\abrar\.m2\repository\joda-time\joda-time\2.10.14\joda-time-2.10.14.jar;C:\Users\abrar\.m2\repository\org\codehaus\plexus\plexus-utils\3.4.2\plexus-utils-3.4.2.jar;C:\Users\abrar\.m2\repository\org\jsoup\jsoup\1.15.1\jsoup-1.15.1.jar;C:\Users\abrar\.m2\repository\com\google\guava\guava\31.1-jre\guava-31.1-jre.jar;C:\Users\abrar\.m2\repository\com\google\guava\failureaccess\1.0.1\failureaccess-1.0.1.jar;C:\Users\abrar\.m2\repository\com\google\guava\listenablefuture\9999.0-empty-to-avoid-conflict-with-guava\listenablefuture-9999.0-empty-to-avoid-conflict-with-guava.jar;C:\Users\abrar\.m2\repository\com\google\code\findbugs\jsr305\3.0.2\jsr305-3.0.2.jar;C:\Users\abrar\.m2\repository\org\checkerframework\checker-qual\3.12.0\checker-qual-3.12.0.jar;C:\Users\abrar\.m2\repository\com\google\errorprone\error_prone_annotations\2.11.0\error_prone_annotations-2.11.0.jar;C:\Users\abrar\.m2\repository\com\google\j2objc\j2objc-annotations\1.3\j2objc-annotations-1.3.jar;C:\Users\abrar\.m2\repository\com\googlecode\owasp-java-html-sanitizer\owasp-java-html-sanitizer\20211018.2\owasp-java-html-sanitizer-20211018.2.jar;C:\Users\abrar\.m2\repository\commons-configuration\commons-configuration\1.10\commons-configuration-1.10.jar;C:\Users\abrar\.m2\repository\commons-lang\commons-lang\2.6\commons-lang-2.6.jar;C:\Users\abrar\.m2\repository\commons-logging\commons-logging\1.1.1\commons-logging-1.1.1.jar;C:\Users\abrar\.m2\repository\io\cucumber\cucumber-html\0.2.7\cucumber-html-0.2.7.jar;C:\Users\abrar\.m2\repository\org\hamcrest\hamcrest-core\2.2\hamcrest-core-2.2.jar;C:\Users\abrar\.m2\repository\org\hamcrest\hamcrest\2.2\hamcrest-2.2.jar;C:\Users\abrar\.m2\repository\io\cucumber\gherkin\23.0.1\gherkin-23.0.1.jar;C:\Users\abrar\.m2\repository\io\cucumber\messages\18.0.0\messages-18.0.0.jar;C:\Users\abrar\.m2\repository\net\sourceforge\cobertura\cobertura\2.1.1\cobertura-2.1.1.jar;C:\Users\abrar\.m2\repository\org\ow2\asm\asm\5.0.1\asm-5.0.1.jar;C:\Users\abrar\.m2\repository\org\ow2\asm\asm-tree\5.0.1\asm-tree-5.0.1.jar;C:\Users\abrar\.m2\repository\org\ow2\asm\asm-commons\5.0.1\asm-commons-5.0.1.jar;C:\Users\abrar\.m2\repository\org\ow2\asm\asm-util\5.0.1\asm-util-5.0.1.jar;C:\Users\abrar\.m2\repository\org\ow2\asm\asm-analysis\5.0.1\asm-analysis-5.0.1.jar;C:\Users\abrar\.m2\repository\oro\oro\2.0.8\oro-2.0.8.jar;C:\Users\abrar\.m2\repository\jaxen\jaxen\1.1.4\jaxen-1.1.4.jar;C:\Users\abrar\.m2\repository\org\apache\ant\ant\1.8.3\ant-1.8.3.jar;C:\Users\abrar\.m2\repository\org\apache\ant\ant-launcher\1.8.3\ant-launcher-1.8.3.jar;C:\Users\abrar\.m2\repository\org\apache\ant\ant-junit\1.8.3\ant-junit-1.8.3.jar;C:\Users\abrar\.m2\repository\org\mortbay\jetty\servlet-api-2.5\6.1.14\servlet-api-2.5-6.1.14.jar;C:\Users\abrar\.m2\repository\org\mortbay\jetty\jetty\6.1.14\jetty-6.1.14.jar;C:\Users\abrar\.m2\repository\org\mortbay\jetty\jetty-util\6.1.14\jetty-util-6.1.14.jar;C:\Users\abrar\.m2\repository\ch\qos\logback\logback-classic\1.0.13\logback-classic-1.0.13.jar;C:\Users\abrar\.m2\repository\ch\qos\logback\logback-core\1.0.13\logback-core-1.0.13.jar;C:\Users\abrar\.m2\repository\org\apache\poi\poi\5.2.2\poi-5.2.2.jar;C:\Users\abrar\.m2\repository\commons-codec\commons-codec\1.15\commons-codec-1.15.jar;C:\Users\abrar\.m2\repository\org\apache\commons\commons-collections4\4.4\commons-collections4-4.4.jar;C:\Users\abrar\.m2\repository\org\apache\commons\commons-math3\3.6.1\commons-math3-3.6.1.jar;C:\Users\abrar\.m2\repository\com\zaxxer\SparseBitSet\1.2\SparseBitSet-1.2.jar;C:\Users\abrar\.m2\repository\org\apache\poi\poi-ooxml\5.2.2\poi-ooxml-5.2.2.jar;C:\Users\abrar\.m2\repository\org\apache\poi\poi-ooxml-lite\5.2.2\poi-ooxml-lite-5.2.2.jar;C:\Users\abrar\.m2\repository\org\apache\xmlbeans\xmlbeans\5.0.3\xmlbeans-5.0.3.jar;C:\Users\abrar\.m2\repository\org\apache\commons\commons-compress\1.21\commons-compress-1.21.jar;C:\Users\abrar\.m2\repository\com\github\virtuald\curvesapi\1.07\curvesapi-1.07.jar;C:\Program Files\Java\jdk1.8.0_202\lib\tools.jar;C:\Users\abrar\.m2\repository\io\cucumber\datatable-dependencies\1.1.12\datatable-dependencies-1.1.12.jar;C:\Users\abrar\.m2\repository\io\cucumber\datatable\1.0.3\datatable-1.0.3.jar;C:\Users\abrar\.m2\repository\commons-io\commons-io\2.11.0\commons-io-2.11.0.jar;C:\Users\abrar\.m2\repository\org\apache\logging\log4j\log4j-core\2.17.2\log4j-core-2.17.2.jar;C:\Users\abrar\.m2\repository\org\apache\logging\log4j\log4j-api\2.17.2\log4j-api-2.17.2.jar;C:\Users\abrar\.m2\repository\org\testng\testng\7.4.0\testng-7.4.0.jar;C:\Users\abrar\.m2\repository\com\beust\jcommander\1.78\jcommander-1.78.jar;C:\Users\abrar\.m2\repository\org\webjars\jquery\3.5.1\jquery-3.5.1.jar;C:\Users\abrar\.m2\repository\com\aventstack\extentreports\5.0.9\extentreports-5.0.9.jar;C:\Users\abrar\.m2\repository\io\reactivex\rxjava3\rxjava\3.0.4\rxjava-3.0.4.jar;C:\Users\abrar\.m2\repository\org\reactivestreams\reactive-streams\1.0.3\reactive-streams-1.0.3.jar;C:\Users\abrar\.m2\repository\org\freemarker\freemarker\2.3.30\freemarker-2.3.30.jar;C:\Users\abrar\.m2\repository\org\projectlombok\lombok\1.18.12\lombok-1.18.12.jar;C:\Users\abrar\.m2\repository\tech\grasshopper\extentreports-cucumber7-adapter\1.7.0\extentreports-cucumber7-adapter-1.7.0.jar;C:\Users\abrar\.m2\repository\tech\grasshopper\extent-pdf-report\2.7.0\extent-pdf-report-2.7.0.jar;C:\Users\abrar\.m2\repository\tech\grasshopper\cucumber-pdf-report\2.10.0\cucumber-pdf-report-2.10.0.jar;C:\Users\abrar\.m2\repository\org\apache\pdfbox\pdfbox\2.0.26\pdfbox-2.0.26.jar;C:\Users\abrar\.m2\repository\org\apache\pdfbox\fontbox\2.0.26\fontbox-2.0.26.jar;C:\Users\abrar\.m2\repository\org\knowm\xchart\xchart\3.8.0\xchart-3.8.0.jar;C:\Users\abrar\.m2\repository\de\erichseifert\vectorgraphics2d\VectorGraphics2D\0.13\VectorGraphics2D-0.13.jar;C:\Users\abrar\.m2\repository\de\rototor\pdfbox\graphics2d\0.30\graphics2d-0.30.jar;C:\Users\abrar\.m2\repository\com\madgag\animated-gif-lib\1.4\animated-gif-lib-1.4.jar;C:\Users\abrar\.m2\repository\org\yaml\snakeyaml\1.28\snakeyaml-1.28.jar;C:\Users\abrar\.m2\repository\tech\grasshopper\table-layout\1.5.1\table-layout-1.5.1.jar;C:\Users\abrar\.m2\repository\tech\grasshopper\rest-assured-cucumber-pdf-report\1.4.1\rest-assured-cucumber-pdf-report-1.4.1.jar;C:\Users\abrar\.m2\repository\com\aventstack\klov-reporter\5.0.9\klov-reporter-5.0.9.jar;C:\Users\abrar\.m2\repository\org\mongodb\mongodb-driver\3.6.4\mongodb-driver-3.6.4.jar;C:\Users\abrar\.m2\repository\org\mongodb\mongodb-driver-core\3.6.4\mongodb-driver-core-3.6.4.jar;C:\Users\abrar\.m2\repository\org\mongodb\bson\3.6.4\bson-3.6.4.jar;C:\Users\abrar\.m2\repository\org\apache\httpcomponents\httpclient\4.5.13\httpclient-4.5.13.jar;C:\Users\abrar\.m2\repository\org\apache\httpcomponents\httpcore\4.4.13\httpcore-4.4.13.jar;C:\Users\abrar\.m2\repository\org\apache\httpcomponents\httpmime\4.5.13\httpmime-4.5.13.jar;C:\Users\abrar\.m2\repository\tech\grasshopper\htmlextentreporter\1.0.1\htmlextentreporter-1.0.1.jar;"/>
    <property name="sun.cpu.endian" value="little"/>
    <property name="user.home" value="C:\Users\abrar"/>
    <property name="user.language" value="en"/>
    <property name="java.specification.vendor" value="Oracle Corporation"/>
    <property name="java.version.date" value="2022-08-12"/>
    <property name="java.home" value="D:\eclipse-java-2022-09-R-win32-x86_64\eclipse\plugins\org.eclipse.justj.openjdk.hotspot.jre.full.win32.x86_64_17.0.4.v20220903-1038\jre"/>
    <property name="file.separator" value="\"/>
    <property name="style.color" value="always"/>
    <property name="basedir" value="D:\iNeuronWorkSpace\AutomationExercise"/>
    <property name="java.vm.compressedOopsMode" value="32-bit"/>
    <property name="line.separator" value="&#10;"/>
    <property name="java.vm.specification.vendor" value="Oracle Corporation"/>
    <property name="java.specification.name" value="Java Platform API Specification"/>
    <property name="surefire.real.class.path" value="C:\Users\abrar\AppData\Local\Temp\surefire6066557819138255044\surefirebooter-20230419212503350_3.jar"/>
    <property name="user.script" value=""/>
    <property name="sun.management.compiler" value="HotSpot 64-Bit Tiered Compilers"/>
    <property name="java.runtime.version" value="17.0.4.1+1"/>
    <property name="user.name" value="abrar"/>
    <property name="path.separator" value=";"/>
    <property name="os.version" value="10.0"/>
    <property name="java.runtime.name" value="OpenJDK Runtime Environment"/>
    <property name="file.encoding" value="Cp1252"/>
    <property name="java.vm.name" value="OpenJDK 64-Bit Server VM"/>
    <property name="java.vendor.version" value="Temurin-17.0.4.1+1"/>
    <property name="localRepository" value="C:\Users\abrar\.m2\repository"/>
    <property name="java.vendor.url.bug" value="https://github.com/adoptium/adoptium-support/issues"/>
    <property name="java.io.tmpdir" value="C:\Users\abrar\AppData\Local\Temp\"/>
    <property name="java.version" value="17.0.4.1"/>
    <property name="user.dir" value="D:\iNeuronWorkSpace\AutomationExercise"/>
    <property name="os.arch" value="amd64"/>
    <property name="java.vm.specification.name" value="Java Virtual Machine Specification"/>
    <property name="sun.os.patch.level" value=""/>
    <property name="native.encoding" value="Cp1252"/>
    <property name="java.library.path" value="D:\eclipse-java-2022-09-R-win32-x86_64\eclipse\plugins\org.eclipse.justj.openjdk.hotspot.jre.full.win32.x86_64_17.0.4.v20220903-1038\jre\bin;C:\WINDOWS\Sun\Java\bin;C:\WINDOWS\system32;C:\WINDOWS;D:/eclipse-java-2022-09-R-win32-x86_64/eclipse//plugins/org.eclipse.justj.openjdk.hotspot.jre.full.win32.x86_64_17.0.4.v20220903-1038/jre/bin/server;D:/eclipse-java-2022-09-R-win32-x86_64/eclipse//plugins/org.eclipse.justj.openjdk.hotspot.jre.full.win32.x86_64_17.0.4.v20220903-1038/jre/bin;C:\Program Files (x86)\Common Files\Oracle\Java\javapath;C:\oraclexe\app\oracle\product\11.2.0\server\bin;C:\Windows\system32;C:\Windows;C:\Windows\System32\Wbem;C:\Windows\System32\WindowsPowerShell\v1.0\;C:\Windows\System32\OpenSSH\;C:\Program Files (x86)\NVIDIA Corporation\PhysX\Common;C:\Program Files\NVIDIA Corporation\NVIDIA NvDLISR;C:\WINDOWS\system32;C:\WINDOWS;C:\WINDOWS\System32\Wbem;C:\WINDOWS\System32\WindowsPowerShell\v1.0\;C:\WINDOWS\System32\OpenSSH\;C:\apache-maven-3.8.6\bin;C:\Program Files\Git\bin;C:\Program Files\Java\jdk1.8.0_202\bin;C:\apache-maven-3.8.6\;C:\apache-maven-3.8.6\;C:\Program Files\MySQL\MySQL Shell 8.0\bin\;C:\Users\abrar\AppData\Local\Microsoft\WindowsApps;;D:\eclipse-java-2022-09-R-win32-x86_64\eclipse;;."/>
    <property name="java.vm.info" value="mixed mode"/>
    <property name="java.vendor" value="Eclipse Adoptium"/>
    <property name="java.vm.version" value="17.0.4.1+1"/>
    <property name="sun.io.unicode.encoding" value="UnicodeLittle"/>
    <property name="java.class.version" value="61.0"/>
  </properties>
  <testcase name="runScenario[&quot;Contact Us Form Tests&quot;, &quot;Contact Us Form Tests&quot;](1)" classname="testRunner.Run" time="63.738">
    <system-out><![CDATA[Setup the browser
chrome
[DEBUG] Using SLF4J as the default logging framework
[DEBUG] -Dio.netty.leakDetection.level: simple
[DEBUG] -Dio.netty.leakDetection.targetRecords: 4
[DEBUG] Loaded default ResourceLeakDetector: io.netty.util.ResourceLeakDetector@65e0b505
[DEBUG] -Dio.netty.noUnsafe: false
[DEBUG] Java version: 17
[DEBUG] sun.misc.Unsafe.theUnsafe: available
[DEBUG] sun.misc.Unsafe.copyMemory: available
[DEBUG] sun.misc.Unsafe.storeFence: available
[DEBUG] java.nio.Buffer.address: available
[DEBUG] direct buffer constructor: unavailable: Reflective setAccessible(true) disabled
[DEBUG] java.nio.Bits.unaligned: available, true
[DEBUG] jdk.internal.misc.Unsafe.allocateUninitializedArray(int): unavailable: class io.netty.util.internal.PlatformDependent0$7 cannot access class jdk.internal.misc.Unsafe (in module java.base) because module java.base does not export jdk.internal.misc to unnamed module @306f16f3
[DEBUG] java.nio.DirectByteBuffer.<init>(long, int): unavailable
[DEBUG] sun.misc.Unsafe: available
[DEBUG] maxDirectMemory: 2103443456 bytes (maybe)
[DEBUG] -Dio.netty.tmpdir: C:\Users\abrar\AppData\Local\Temp (java.io.tmpdir)
[DEBUG] -Dio.netty.bitMode: 64 (sun.arch.data.model)
[DEBUG] Platform: Windows
[DEBUG] -Dio.netty.maxDirectMemory: -1 bytes
[DEBUG] -Dio.netty.uninitializedArrayAllocationThreshold: -1
[DEBUG] java.nio.ByteBuffer.cleaner(): available
[DEBUG] -Dio.netty.noPreferDirect: false
[DEBUG] org.jctools-core.MpscChunkedArrayQueue: available
[DEBUG] -Dio.netty.threadLocalMap.stringBuilder.initialSize: 1024
[DEBUG] -Dio.netty.threadLocalMap.stringBuilder.maxSize: 4096
[DEBUG] Default protocols (JDK): [TLSv1.3, TLSv1.2] 
[DEBUG] Default cipher suites (JDK): [TLS_ECDHE_ECDSA_WITH_AES_256_GCM_SHA384, TLS_ECDHE_ECDSA_WITH_AES_128_GCM_SHA256, TLS_ECDHE_RSA_WITH_AES_128_GCM_SHA256, TLS_ECDHE_RSA_WITH_AES_256_GCM_SHA384, TLS_ECDHE_RSA_WITH_AES_128_CBC_SHA, TLS_ECDHE_RSA_WITH_AES_256_CBC_SHA, TLS_RSA_WITH_AES_128_GCM_SHA256, TLS_RSA_WITH_AES_128_CBC_SHA, TLS_RSA_WITH_AES_256_CBC_SHA, TLS_AES_128_GCM_SHA256, TLS_AES_256_GCM_SHA384]
[DEBUG] -Dio.netty.globalEventExecutor.quietPeriodSeconds: 1
[DEBUG] -Dio.netty.eventLoopThreads: 16
[DEBUG] -Dio.netty.noKeySetOptimization: false
[DEBUG] -Dio.netty.selectorAutoRebuildThreshold: 512
[DEBUG] -Dio.netty.allocator.numHeapArenas: 16
[DEBUG] -Dio.netty.allocator.numDirectArenas: 16
[DEBUG] -Dio.netty.allocator.pageSize: 8192
[DEBUG] -Dio.netty.allocator.maxOrder: 9
[DEBUG] -Dio.netty.allocator.chunkSize: 4194304
[DEBUG] -Dio.netty.allocator.smallCacheSize: 256
[DEBUG] -Dio.netty.allocator.normalCacheSize: 64
[DEBUG] -Dio.netty.allocator.maxCachedBufferCapacity: 32768
[DEBUG] -Dio.netty.allocator.cacheTrimInterval: 8192
[DEBUG] -Dio.netty.allocator.cacheTrimIntervalMillis: 0
[DEBUG] -Dio.netty.allocator.useCacheForAllThreads: false
[DEBUG] -Dio.netty.allocator.maxCachedByteBuffersPerChunk: 1023
[DEBUG] -Dio.netty.allocator.type: pooled
[DEBUG] -Dio.netty.threadLocalDirectBufferSize: 0
[DEBUG] -Dio.netty.maxThreadLocalCharBufferSize: 16384
[DEBUG] -Dio.netty.processId: 17028 (auto-detected)
[DEBUG] -Djava.net.preferIPv4Stack: false
[DEBUG] -Djava.net.preferIPv6Addresses: false
[DEBUG] Loopback interface: lo (Software Loopback Interface 1, 127.0.0.1)
[DEBUG] Failed to get SOMAXCONN from sysctl and file \proc\sys\net\core\somaxconn. Default: 200
[DEBUG] -Dio.netty.machineId: a8:7e:ea:ff:fe:83:b1:e8 (auto-detected)
[DEBUG] -Dio.netty.buffer.checkAccessible: true
[DEBUG] -Dio.netty.buffer.checkBounds: true
[DEBUG] Loaded default ResourceLeakDetector: io.netty.util.ResourceLeakDetector@6219ec99
[DEBUG] Using new Channel '[id: 0x7151e1bc, L:/127.0.0.1:52360 - R:localhost/127.0.0.1:37189]' for 'POST' to '/session'
[DEBUG] -Dio.netty.recycler.maxCapacityPerThread: 4096
[DEBUG] -Dio.netty.recycler.ratio: 8
[DEBUG] -Dio.netty.recycler.chunkSize: 32
[DEBUG] -Dio.netty.recycler.blocking: false
[DEBUG] -Dio.netty.recycler.batchFastThreadLocalOnly: true
[DEBUG] brotli4j not in the classpath; Brotli support will be unavailable.
[DEBUG] 

Request DefaultHttpRequest(decodeResult: success, version: HTTP/1.1)
POST /session HTTP/1.1
User-Agent: selenium/4.8.2 (java windows)
Content-Length: 5765133
Content-Type: application/json; charset=utf-8
host: localhost:37189
accept: */*

Response DefaultHttpResponse(decodeResult: success, version: HTTP/1.1)
HTTP/1.1 200 OK
Content-Length: 858
Content-Type: application/json; charset=utf-8
cache-control: no-cache

[DEBUG] Adding key: http://localhost:37189 for channel [id: 0x7151e1bc, L:/127.0.0.1:52360 - R:localhost/127.0.0.1:37189]
[DEBUG] Using new Channel '[id: 0x603355e7, L:/127.0.0.1:52371 - R:localhost/127.0.0.1:52361]' for 'GET' to '/json/version'
[DEBUG] 

Request DefaultFullHttpRequest(decodeResult: success, version: HTTP/1.1, content: EmptyByteBufBE)
GET /json/version HTTP/1.1
User-Agent: selenium/4.8.2 (java windows)
host: localhost:52361
accept: */*

Response DefaultHttpResponse(decodeResult: success, version: HTTP/1.1)
HTTP/1.1 200 OK
Content-Security-Policy: frame-ancestors 'none'
Content-Length: 424
Content-Type: application/json; charset=UTF-8

[DEBUG] Adding key: http://localhost:52361 for channel [id: 0x603355e7, L:/127.0.0.1:52371 - R:localhost/127.0.0.1:52361]
[DEBUG] -Dio.netty.initialSeedUniquifier: 0x7fcb127aa52ce9fb
[DEBUG] Using new Channel '[id: 0x8ac325ca, L:/127.0.0.1:52372 - R:localhost/127.0.0.1:52361]' for 'GET' to '/devtools/browser/5a91c38b-f21a-4c1a-9cd9-b1281af9776e'
[DEBUG] 

Request DefaultFullHttpRequest(decodeResult: success, version: HTTP/1.1, content: EmptyByteBufBE)
GET /devtools/browser/5a91c38b-f21a-4c1a-9cd9-b1281af9776e HTTP/1.1
upgrade: websocket
connection: upgrade
sec-websocket-key: JpoOfd18ECR4GNcsTfXd4w==
sec-websocket-version: 13
origin: http://localhost:52361
host: localhost:52361
accept: */*
user-agent: AHC/2.1

Response DefaultHttpResponse(decodeResult: success, version: HTTP/1.1)
HTTP/1.1 101 WebSocket Protocol Handshake
Upgrade: WebSocket
Connection: Upgrade
Sec-WebSocket-Accept: BWx8zVNwA3IN6juEJfnLC7moE3c=

[DEBUG] Using pooled Channel '[id: 0x7151e1bc, L:/127.0.0.1:52360 - R:localhost/127.0.0.1:37189]' for 'POST' to 'http://localhost:37189/session/06c76e39e3cc06ba1210ce3891121f49/url'
[DEBUG] Using open Channel [id: 0x7151e1bc, L:/127.0.0.1:52360 - R:localhost/127.0.0.1:37189] for POST '/session/06c76e39e3cc06ba1210ce3891121f49/url'
[DEBUG] Entry count for : http://localhost:52361 : 1
[DEBUG] Entry count for : http://localhost:52361 : 1
[DEBUG] Entry count for : http://localhost:52361 : 1
[DEBUG] Entry count for : http://localhost:52361 : 1
[DEBUG] Entry count for : http://localhost:52361 : 1
[DEBUG] Entry count for : http://localhost:52361 : 1
[DEBUG] Entry count for : http://localhost:52361 : 1
[DEBUG] Entry count for : http://localhost:52361 : 1
[DEBUG] Entry count for : http://localhost:52361 : 1
[DEBUG] Entry count for : http://localhost:52361 : 1
[DEBUG] Entry count for : http://localhost:52361 : 1
[DEBUG] Entry count for : http://localhost:52361 : 1
[DEBUG] Entry count for : http://localhost:52361 : 1
[DEBUG] Entry count for : http://localhost:52361 : 1
[DEBUG] Entry count for : http://localhost:52361 : 1
[DEBUG] Entry count for : http://localhost:52361 : 1
[DEBUG] Entry count for : http://localhost:52361 : 1
[DEBUG] Entry count for : http://localhost:52361 : 1
[DEBUG] Entry count for : http://localhost:52361 : 1
[DEBUG] Entry count for : http://localhost:52361 : 1
[DEBUG] Entry count for : http://localhost:52361 : 1
[DEBUG] Entry count for : http://localhost:52361 : 1
[DEBUG] Entry count for : http://localhost:52361 : 1
[DEBUG] Entry count for : http://localhost:52361 : 1
[DEBUG] Entry count for : http://localhost:52361 : 1
[DEBUG] 

Request DefaultHttpRequest(decodeResult: success, version: HTTP/1.1)
POST /session/06c76e39e3cc06ba1210ce3891121f49/url HTTP/1.1
User-Agent: selenium/4.8.2 (java windows)
Content-Length: 54
Content-Type: application/json; charset=utf-8
host: localhost:37189
accept: */*

Response DefaultHttpResponse(decodeResult: success, version: HTTP/1.1)
HTTP/1.1 200 OK
Content-Length: 14
Content-Type: application/json; charset=utf-8
cache-control: no-cache

[DEBUG] Adding key: http://localhost:37189 for channel [id: 0x7151e1bc, L:/127.0.0.1:52360 - R:localhost/127.0.0.1:37189]
[DEBUG] Using pooled Channel '[id: 0x7151e1bc, L:/127.0.0.1:52360 - R:localhost/127.0.0.1:37189]' for 'POST' to 'http://localhost:37189/session/06c76e39e3cc06ba1210ce3891121f49/window/maximize'
[DEBUG] Using open Channel [id: 0x7151e1bc, L:/127.0.0.1:52360 - R:localhost/127.0.0.1:37189] for POST '/session/06c76e39e3cc06ba1210ce3891121f49/window/maximize'
[DEBUG] 

Request DefaultHttpRequest(decodeResult: success, version: HTTP/1.1)
POST /session/06c76e39e3cc06ba1210ce3891121f49/window/maximize HTTP/1.1
User-Agent: selenium/4.8.2 (java windows)
Content-Length: 3
Content-Type: application/json; charset=utf-8
host: localhost:37189
accept: */*

Response DefaultHttpResponse(decodeResult: success, version: HTTP/1.1)
HTTP/1.1 200 OK
Content-Length: 51
Content-Type: application/json; charset=utf-8
cache-control: no-cache

[DEBUG] Adding key: http://localhost:37189 for channel [id: 0x7151e1bc, L:/127.0.0.1:52360 - R:localhost/127.0.0.1:37189]
[DEBUG] Using pooled Channel '[id: 0x7151e1bc, L:/127.0.0.1:52360 - R:localhost/127.0.0.1:37189]' for 'POST' to 'http://localhost:37189/session/06c76e39e3cc06ba1210ce3891121f49/timeouts'
[DEBUG] Using open Channel [id: 0x7151e1bc, L:/127.0.0.1:52360 - R:localhost/127.0.0.1:37189] for POST '/session/06c76e39e3cc06ba1210ce3891121f49/timeouts'
[DEBUG] 

Request DefaultHttpRequest(decodeResult: success, version: HTTP/1.1)
POST /session/06c76e39e3cc06ba1210ce3891121f49/timeouts HTTP/1.1
User-Agent: selenium/4.8.2 (java windows)
Content-Length: 23
Content-Type: application/json; charset=utf-8
host: localhost:37189
accept: */*

Response DefaultHttpResponse(decodeResult: success, version: HTTP/1.1)
HTTP/1.1 200 OK
Content-Length: 14
Content-Type: application/json; charset=utf-8
cache-control: no-cache

[DEBUG] Adding key: http://localhost:37189 for channel [id: 0x7151e1bc, L:/127.0.0.1:52360 - R:localhost/127.0.0.1:37189]
[DEBUG] Using pooled Channel '[id: 0x7151e1bc, L:/127.0.0.1:52360 - R:localhost/127.0.0.1:37189]' for 'POST' to 'http://localhost:37189/session/06c76e39e3cc06ba1210ce3891121f49/element'
[DEBUG] Using open Channel [id: 0x7151e1bc, L:/127.0.0.1:52360 - R:localhost/127.0.0.1:37189] for POST '/session/06c76e39e3cc06ba1210ce3891121f49/element'
[DEBUG] 

Request DefaultHttpRequest(decodeResult: success, version: HTTP/1.1)
POST /session/06c76e39e3cc06ba1210ce3891121f49/element HTTP/1.1
User-Agent: selenium/4.8.2 (java windows)
Content-Length: 92
Content-Type: application/json; charset=utf-8
host: localhost:37189
accept: */*

Response DefaultHttpResponse(decodeResult: success, version: HTTP/1.1)
HTTP/1.1 200 OK
Content-Length: 88
Content-Type: application/json; charset=utf-8
cache-control: no-cache

[DEBUG] Adding key: http://localhost:37189 for channel [id: 0x7151e1bc, L:/127.0.0.1:52360 - R:localhost/127.0.0.1:37189]
[DEBUG] Using pooled Channel '[id: 0x7151e1bc, L:/127.0.0.1:52360 - R:localhost/127.0.0.1:37189]' for 'POST' to 'http://localhost:37189/session/06c76e39e3cc06ba1210ce3891121f49/execute/sync'
[DEBUG] Using open Channel [id: 0x7151e1bc, L:/127.0.0.1:52360 - R:localhost/127.0.0.1:37189] for POST '/session/06c76e39e3cc06ba1210ce3891121f49/execute/sync'
[DEBUG] 

Request DefaultHttpRequest(decodeResult: success, version: HTTP/1.1)
POST /session/06c76e39e3cc06ba1210ce3891121f49/execute/sync HTTP/1.1
User-Agent: selenium/4.8.2 (java windows)
Content-Length: 48807
Content-Type: application/json; charset=utf-8
host: localhost:37189
accept: */*

Response DefaultHttpResponse(decodeResult: success, version: HTTP/1.1)
HTTP/1.1 200 OK
Content-Length: 14
Content-Type: application/json; charset=utf-8
cache-control: no-cache

[DEBUG] Adding key: http://localhost:37189 for channel [id: 0x7151e1bc, L:/127.0.0.1:52360 - R:localhost/127.0.0.1:37189]
[DEBUG] Using pooled Channel '[id: 0x7151e1bc, L:/127.0.0.1:52360 - R:localhost/127.0.0.1:37189]' for 'POST' to 'http://localhost:37189/session/06c76e39e3cc06ba1210ce3891121f49/element'
[DEBUG] Using open Channel [id: 0x7151e1bc, L:/127.0.0.1:52360 - R:localhost/127.0.0.1:37189] for POST '/session/06c76e39e3cc06ba1210ce3891121f49/element'
[DEBUG] 

Request DefaultHttpRequest(decodeResult: success, version: HTTP/1.1)
POST /session/06c76e39e3cc06ba1210ce3891121f49/element HTTP/1.1
User-Agent: selenium/4.8.2 (java windows)
Content-Length: 81
Content-Type: application/json; charset=utf-8
host: localhost:37189
accept: */*

Response DefaultHttpResponse(decodeResult: success, version: HTTP/1.1)
HTTP/1.1 200 OK
Content-Length: 88
Content-Type: application/json; charset=utf-8
cache-control: no-cache

[DEBUG] Adding key: http://localhost:37189 for channel [id: 0x7151e1bc, L:/127.0.0.1:52360 - R:localhost/127.0.0.1:37189]
[DEBUG] Using pooled Channel '[id: 0x7151e1bc, L:/127.0.0.1:52360 - R:localhost/127.0.0.1:37189]' for 'POST' to 'http://localhost:37189/session/06c76e39e3cc06ba1210ce3891121f49/element/271d1e3f-d739-4a17-a669-340156e4aede/click'
[DEBUG] Using open Channel [id: 0x7151e1bc, L:/127.0.0.1:52360 - R:localhost/127.0.0.1:37189] for POST '/session/06c76e39e3cc06ba1210ce3891121f49/element/271d1e3f-d739-4a17-a669-340156e4aede/click'
[DEBUG] Entry count for : http://localhost:52361 : 1
[DEBUG] Entry count for : http://localhost:52361 : 1
[DEBUG] Entry count for : http://localhost:52361 : 1
[DEBUG] 

Request DefaultHttpRequest(decodeResult: success, version: HTTP/1.1)
POST /session/06c76e39e3cc06ba1210ce3891121f49/element/271d1e3f-d739-4a17-a669-340156e4aede/click HTTP/1.1
User-Agent: selenium/4.8.2 (java windows)
Content-Length: 50
Content-Type: application/json; charset=utf-8
host: localhost:37189
accept: */*

Response DefaultHttpResponse(decodeResult: success, version: HTTP/1.1)
HTTP/1.1 200 OK
Content-Length: 14
Content-Type: application/json; charset=utf-8
cache-control: no-cache

[DEBUG] Adding key: http://localhost:37189 for channel [id: 0x7151e1bc, L:/127.0.0.1:52360 - R:localhost/127.0.0.1:37189]
[DEBUG] Using pooled Channel '[id: 0x7151e1bc, L:/127.0.0.1:52360 - R:localhost/127.0.0.1:37189]' for 'POST' to 'http://localhost:37189/session/06c76e39e3cc06ba1210ce3891121f49/element'
[DEBUG] Using open Channel [id: 0x7151e1bc, L:/127.0.0.1:52360 - R:localhost/127.0.0.1:37189] for POST '/session/06c76e39e3cc06ba1210ce3891121f49/element'
[DEBUG] 

Request DefaultHttpRequest(decodeResult: success, version: HTTP/1.1)
POST /session/06c76e39e3cc06ba1210ce3891121f49/element HTTP/1.1
User-Agent: selenium/4.8.2 (java windows)
Content-Length: 90
Content-Type: application/json; charset=utf-8
host: localhost:37189
accept: */*

Response DefaultHttpResponse(decodeResult: success, version: HTTP/1.1)
HTTP/1.1 200 OK
Content-Length: 88
Content-Type: application/json; charset=utf-8
cache-control: no-cache

[DEBUG] Adding key: http://localhost:37189 for channel [id: 0x7151e1bc, L:/127.0.0.1:52360 - R:localhost/127.0.0.1:37189]
[DEBUG] Using pooled Channel '[id: 0x7151e1bc, L:/127.0.0.1:52360 - R:localhost/127.0.0.1:37189]' for 'GET' to 'http://localhost:37189/session/06c76e39e3cc06ba1210ce3891121f49/element/4accb52f-6c4b-4bf6-8ef6-64b0f98ee00f/text'
[DEBUG] Using open Channel [id: 0x7151e1bc, L:/127.0.0.1:52360 - R:localhost/127.0.0.1:37189] for GET '/session/06c76e39e3cc06ba1210ce3891121f49/element/4accb52f-6c4b-4bf6-8ef6-64b0f98ee00f/text'
[DEBUG] 

Request DefaultFullHttpRequest(decodeResult: success, version: HTTP/1.1, content: EmptyByteBufBE)
GET /session/06c76e39e3cc06ba1210ce3891121f49/element/4accb52f-6c4b-4bf6-8ef6-64b0f98ee00f/text HTTP/1.1
User-Agent: selenium/4.8.2 (java windows)
Cache-Control: no-cache
Content-Type: application/json; charset=utf-8
host: localhost:37189
accept: */*

Response DefaultHttpResponse(decodeResult: success, version: HTTP/1.1)
HTTP/1.1 200 OK
Content-Length: 24
Content-Type: application/json; charset=utf-8
cache-control: no-cache

[DEBUG] Adding key: http://localhost:37189 for channel [id: 0x7151e1bc, L:/127.0.0.1:52360 - R:localhost/127.0.0.1:37189]
[INFO] Logging to Logger[org.mortbay.log] via org.mortbay.log.Slf4jLog
[INFO] Get in Touch is visible
[DEBUG] Using pooled Channel '[id: 0x7151e1bc, L:/127.0.0.1:52360 - R:localhost/127.0.0.1:37189]' for 'POST' to 'http://localhost:37189/session/06c76e39e3cc06ba1210ce3891121f49/element'
[DEBUG] Using open Channel [id: 0x7151e1bc, L:/127.0.0.1:52360 - R:localhost/127.0.0.1:37189] for POST '/session/06c76e39e3cc06ba1210ce3891121f49/element'
[DEBUG] 

Request DefaultHttpRequest(decodeResult: success, version: HTTP/1.1)
POST /session/06c76e39e3cc06ba1210ce3891121f49/element HTTP/1.1
User-Agent: selenium/4.8.2 (java windows)
Content-Length: 71
Content-Type: application/json; charset=utf-8
host: localhost:37189
accept: */*

Response DefaultHttpResponse(decodeResult: success, version: HTTP/1.1)
HTTP/1.1 200 OK
Content-Length: 88
Content-Type: application/json; charset=utf-8
cache-control: no-cache

[DEBUG] Adding key: http://localhost:37189 for channel [id: 0x7151e1bc, L:/127.0.0.1:52360 - R:localhost/127.0.0.1:37189]
[DEBUG] Using pooled Channel '[id: 0x7151e1bc, L:/127.0.0.1:52360 - R:localhost/127.0.0.1:37189]' for 'POST' to 'http://localhost:37189/session/06c76e39e3cc06ba1210ce3891121f49/element/7a7aa51b-f02f-4fa6-9e91-82f234d22ba6/clear'
[DEBUG] Using open Channel [id: 0x7151e1bc, L:/127.0.0.1:52360 - R:localhost/127.0.0.1:37189] for POST '/session/06c76e39e3cc06ba1210ce3891121f49/element/7a7aa51b-f02f-4fa6-9e91-82f234d22ba6/clear'
[DEBUG] 

Request DefaultHttpRequest(decodeResult: success, version: HTTP/1.1)
POST /session/06c76e39e3cc06ba1210ce3891121f49/element/7a7aa51b-f02f-4fa6-9e91-82f234d22ba6/clear HTTP/1.1
User-Agent: selenium/4.8.2 (java windows)
Content-Length: 50
Content-Type: application/json; charset=utf-8
host: localhost:37189
accept: */*

Response DefaultHttpResponse(decodeResult: success, version: HTTP/1.1)
HTTP/1.1 200 OK
Content-Length: 14
Content-Type: application/json; charset=utf-8
cache-control: no-cache

[DEBUG] Adding key: http://localhost:37189 for channel [id: 0x7151e1bc, L:/127.0.0.1:52360 - R:localhost/127.0.0.1:37189]
[DEBUG] Using pooled Channel '[id: 0x7151e1bc, L:/127.0.0.1:52360 - R:localhost/127.0.0.1:37189]' for 'POST' to 'http://localhost:37189/session/06c76e39e3cc06ba1210ce3891121f49/element'
[DEBUG] Using open Channel [id: 0x7151e1bc, L:/127.0.0.1:52360 - R:localhost/127.0.0.1:37189] for POST '/session/06c76e39e3cc06ba1210ce3891121f49/element'
[DEBUG] 

Request DefaultHttpRequest(decodeResult: success, version: HTTP/1.1)
POST /session/06c76e39e3cc06ba1210ce3891121f49/element HTTP/1.1
User-Agent: selenium/4.8.2 (java windows)
Content-Length: 71
Content-Type: application/json; charset=utf-8
host: localhost:37189
accept: */*

Response DefaultHttpResponse(decodeResult: success, version: HTTP/1.1)
HTTP/1.1 200 OK
Content-Length: 88
Content-Type: application/json; charset=utf-8
cache-control: no-cache

[DEBUG] Adding key: http://localhost:37189 for channel [id: 0x7151e1bc, L:/127.0.0.1:52360 - R:localhost/127.0.0.1:37189]
[DEBUG] Using pooled Channel '[id: 0x7151e1bc, L:/127.0.0.1:52360 - R:localhost/127.0.0.1:37189]' for 'POST' to 'http://localhost:37189/session/06c76e39e3cc06ba1210ce3891121f49/element/7a7aa51b-f02f-4fa6-9e91-82f234d22ba6/value'
[DEBUG] Using open Channel [id: 0x7151e1bc, L:/127.0.0.1:52360 - R:localhost/127.0.0.1:37189] for POST '/session/06c76e39e3cc06ba1210ce3891121f49/element/7a7aa51b-f02f-4fa6-9e91-82f234d22ba6/value'
[DEBUG] 

Request DefaultHttpRequest(decodeResult: success, version: HTTP/1.1)
POST /session/06c76e39e3cc06ba1210ce3891121f49/element/7a7aa51b-f02f-4fa6-9e91-82f234d22ba6/value HTTP/1.1
User-Agent: selenium/4.8.2 (java windows)
Content-Length: 121
Content-Type: application/json; charset=utf-8
host: localhost:37189
accept: */*

Response DefaultHttpResponse(decodeResult: success, version: HTTP/1.1)
HTTP/1.1 200 OK
Content-Length: 14
Content-Type: application/json; charset=utf-8
cache-control: no-cache

[DEBUG] Adding key: http://localhost:37189 for channel [id: 0x7151e1bc, L:/127.0.0.1:52360 - R:localhost/127.0.0.1:37189]
[DEBUG] Using pooled Channel '[id: 0x7151e1bc, L:/127.0.0.1:52360 - R:localhost/127.0.0.1:37189]' for 'POST' to 'http://localhost:37189/session/06c76e39e3cc06ba1210ce3891121f49/element'
[DEBUG] Using open Channel [id: 0x7151e1bc, L:/127.0.0.1:52360 - R:localhost/127.0.0.1:37189] for POST '/session/06c76e39e3cc06ba1210ce3891121f49/element'
[DEBUG] 

Request DefaultHttpRequest(decodeResult: success, version: HTTP/1.1)
POST /session/06c76e39e3cc06ba1210ce3891121f49/element HTTP/1.1
User-Agent: selenium/4.8.2 (java windows)
Content-Length: 72
Content-Type: application/json; charset=utf-8
host: localhost:37189
accept: */*

Response DefaultHttpResponse(decodeResult: success, version: HTTP/1.1)
HTTP/1.1 200 OK
Content-Length: 88
Content-Type: application/json; charset=utf-8
cache-control: no-cache

[DEBUG] Adding key: http://localhost:37189 for channel [id: 0x7151e1bc, L:/127.0.0.1:52360 - R:localhost/127.0.0.1:37189]
[DEBUG] Using pooled Channel '[id: 0x7151e1bc, L:/127.0.0.1:52360 - R:localhost/127.0.0.1:37189]' for 'POST' to 'http://localhost:37189/session/06c76e39e3cc06ba1210ce3891121f49/element/94a99479-20ac-4d36-ab91-ca7ed23417e5/clear'
[DEBUG] Using open Channel [id: 0x7151e1bc, L:/127.0.0.1:52360 - R:localhost/127.0.0.1:37189] for POST '/session/06c76e39e3cc06ba1210ce3891121f49/element/94a99479-20ac-4d36-ab91-ca7ed23417e5/clear'
[DEBUG] 

Request DefaultHttpRequest(decodeResult: success, version: HTTP/1.1)
POST /session/06c76e39e3cc06ba1210ce3891121f49/element/94a99479-20ac-4d36-ab91-ca7ed23417e5/clear HTTP/1.1
User-Agent: selenium/4.8.2 (java windows)
Content-Length: 50
Content-Type: application/json; charset=utf-8
host: localhost:37189
accept: */*

Response DefaultHttpResponse(decodeResult: success, version: HTTP/1.1)
HTTP/1.1 200 OK
Content-Length: 14
Content-Type: application/json; charset=utf-8
cache-control: no-cache

[DEBUG] Adding key: http://localhost:37189 for channel [id: 0x7151e1bc, L:/127.0.0.1:52360 - R:localhost/127.0.0.1:37189]
[DEBUG] Using pooled Channel '[id: 0x7151e1bc, L:/127.0.0.1:52360 - R:localhost/127.0.0.1:37189]' for 'POST' to 'http://localhost:37189/session/06c76e39e3cc06ba1210ce3891121f49/element'
[DEBUG] Using open Channel [id: 0x7151e1bc, L:/127.0.0.1:52360 - R:localhost/127.0.0.1:37189] for POST '/session/06c76e39e3cc06ba1210ce3891121f49/element'
[DEBUG] 

Request DefaultHttpRequest(decodeResult: success, version: HTTP/1.1)
POST /session/06c76e39e3cc06ba1210ce3891121f49/element HTTP/1.1
User-Agent: selenium/4.8.2 (java windows)
Content-Length: 72
Content-Type: application/json; charset=utf-8
host: localhost:37189
accept: */*

Response DefaultHttpResponse(decodeResult: success, version: HTTP/1.1)
HTTP/1.1 200 OK
Content-Length: 88
Content-Type: application/json; charset=utf-8
cache-control: no-cache

[DEBUG] Adding key: http://localhost:37189 for channel [id: 0x7151e1bc, L:/127.0.0.1:52360 - R:localhost/127.0.0.1:37189]
[DEBUG] Using pooled Channel '[id: 0x7151e1bc, L:/127.0.0.1:52360 - R:localhost/127.0.0.1:37189]' for 'POST' to 'http://localhost:37189/session/06c76e39e3cc06ba1210ce3891121f49/element/94a99479-20ac-4d36-ab91-ca7ed23417e5/value'
[DEBUG] Using open Channel [id: 0x7151e1bc, L:/127.0.0.1:52360 - R:localhost/127.0.0.1:37189] for POST '/session/06c76e39e3cc06ba1210ce3891121f49/element/94a99479-20ac-4d36-ab91-ca7ed23417e5/value'
[DEBUG] 

Request DefaultHttpRequest(decodeResult: success, version: HTTP/1.1)
POST /session/06c76e39e3cc06ba1210ce3891121f49/element/94a99479-20ac-4d36-ab91-ca7ed23417e5/value HTTP/1.1
User-Agent: selenium/4.8.2 (java windows)
Content-Length: 241
Content-Type: application/json; charset=utf-8
host: localhost:37189
accept: */*

Response DefaultHttpResponse(decodeResult: success, version: HTTP/1.1)
HTTP/1.1 200 OK
Content-Length: 14
Content-Type: application/json; charset=utf-8
cache-control: no-cache

[DEBUG] Adding key: http://localhost:37189 for channel [id: 0x7151e1bc, L:/127.0.0.1:52360 - R:localhost/127.0.0.1:37189]
[DEBUG] Using pooled Channel '[id: 0x7151e1bc, L:/127.0.0.1:52360 - R:localhost/127.0.0.1:37189]' for 'POST' to 'http://localhost:37189/session/06c76e39e3cc06ba1210ce3891121f49/element'
[DEBUG] Using open Channel [id: 0x7151e1bc, L:/127.0.0.1:52360 - R:localhost/127.0.0.1:37189] for POST '/session/06c76e39e3cc06ba1210ce3891121f49/element'
[DEBUG] 

Request DefaultHttpRequest(decodeResult: success, version: HTTP/1.1)
POST /session/06c76e39e3cc06ba1210ce3891121f49/element HTTP/1.1
User-Agent: selenium/4.8.2 (java windows)
Content-Length: 74
Content-Type: application/json; charset=utf-8
host: localhost:37189
accept: */*

Response DefaultHttpResponse(decodeResult: success, version: HTTP/1.1)
HTTP/1.1 200 OK
Content-Length: 88
Content-Type: application/json; charset=utf-8
cache-control: no-cache

[DEBUG] Adding key: http://localhost:37189 for channel [id: 0x7151e1bc, L:/127.0.0.1:52360 - R:localhost/127.0.0.1:37189]
[DEBUG] Using pooled Channel '[id: 0x7151e1bc, L:/127.0.0.1:52360 - R:localhost/127.0.0.1:37189]' for 'POST' to 'http://localhost:37189/session/06c76e39e3cc06ba1210ce3891121f49/element/6fc576c2-3a0c-44fc-a045-9d74381f196e/clear'
[DEBUG] Using open Channel [id: 0x7151e1bc, L:/127.0.0.1:52360 - R:localhost/127.0.0.1:37189] for POST '/session/06c76e39e3cc06ba1210ce3891121f49/element/6fc576c2-3a0c-44fc-a045-9d74381f196e/clear'
[DEBUG] 

Request DefaultHttpRequest(decodeResult: success, version: HTTP/1.1)
POST /session/06c76e39e3cc06ba1210ce3891121f49/element/6fc576c2-3a0c-44fc-a045-9d74381f196e/clear HTTP/1.1
User-Agent: selenium/4.8.2 (java windows)
Content-Length: 50
Content-Type: application/json; charset=utf-8
host: localhost:37189
accept: */*

Response DefaultHttpResponse(decodeResult: success, version: HTTP/1.1)
HTTP/1.1 200 OK
Content-Length: 14
Content-Type: application/json; charset=utf-8
cache-control: no-cache

[DEBUG] Adding key: http://localhost:37189 for channel [id: 0x7151e1bc, L:/127.0.0.1:52360 - R:localhost/127.0.0.1:37189]
[DEBUG] Using pooled Channel '[id: 0x7151e1bc, L:/127.0.0.1:52360 - R:localhost/127.0.0.1:37189]' for 'POST' to 'http://localhost:37189/session/06c76e39e3cc06ba1210ce3891121f49/element'
[DEBUG] Using open Channel [id: 0x7151e1bc, L:/127.0.0.1:52360 - R:localhost/127.0.0.1:37189] for POST '/session/06c76e39e3cc06ba1210ce3891121f49/element'
[DEBUG] 

Request DefaultHttpRequest(decodeResult: success, version: HTTP/1.1)
POST /session/06c76e39e3cc06ba1210ce3891121f49/element HTTP/1.1
User-Agent: selenium/4.8.2 (java windows)
Content-Length: 74
Content-Type: application/json; charset=utf-8
host: localhost:37189
accept: */*

Response DefaultHttpResponse(decodeResult: success, version: HTTP/1.1)
HTTP/1.1 200 OK
Content-Length: 88
Content-Type: application/json; charset=utf-8
cache-control: no-cache

[DEBUG] Adding key: http://localhost:37189 for channel [id: 0x7151e1bc, L:/127.0.0.1:52360 - R:localhost/127.0.0.1:37189]
[DEBUG] Using pooled Channel '[id: 0x7151e1bc, L:/127.0.0.1:52360 - R:localhost/127.0.0.1:37189]' for 'POST' to 'http://localhost:37189/session/06c76e39e3cc06ba1210ce3891121f49/element/6fc576c2-3a0c-44fc-a045-9d74381f196e/value'
[DEBUG] Using open Channel [id: 0x7151e1bc, L:/127.0.0.1:52360 - R:localhost/127.0.0.1:37189] for POST '/session/06c76e39e3cc06ba1210ce3891121f49/element/6fc576c2-3a0c-44fc-a045-9d74381f196e/value'
[DEBUG] 

Request DefaultHttpRequest(decodeResult: success, version: HTTP/1.1)
POST /session/06c76e39e3cc06ba1210ce3891121f49/element/6fc576c2-3a0c-44fc-a045-9d74381f196e/value HTTP/1.1
User-Agent: selenium/4.8.2 (java windows)
Content-Length: 161
Content-Type: application/json; charset=utf-8
host: localhost:37189
accept: */*

Response DefaultHttpResponse(decodeResult: success, version: HTTP/1.1)
HTTP/1.1 200 OK
Content-Length: 14
Content-Type: application/json; charset=utf-8
cache-control: no-cache

[DEBUG] Adding key: http://localhost:37189 for channel [id: 0x7151e1bc, L:/127.0.0.1:52360 - R:localhost/127.0.0.1:37189]
[DEBUG] Using pooled Channel '[id: 0x7151e1bc, L:/127.0.0.1:52360 - R:localhost/127.0.0.1:37189]' for 'POST' to 'http://localhost:37189/session/06c76e39e3cc06ba1210ce3891121f49/element'
[DEBUG] Using open Channel [id: 0x7151e1bc, L:/127.0.0.1:52360 - R:localhost/127.0.0.1:37189] for POST '/session/06c76e39e3cc06ba1210ce3891121f49/element'
[DEBUG] 

Request DefaultHttpRequest(decodeResult: success, version: HTTP/1.1)
POST /session/06c76e39e3cc06ba1210ce3891121f49/element HTTP/1.1
User-Agent: selenium/4.8.2 (java windows)
Content-Length: 77
Content-Type: application/json; charset=utf-8
host: localhost:37189
accept: */*

Response DefaultHttpResponse(decodeResult: success, version: HTTP/1.1)
HTTP/1.1 200 OK
Content-Length: 88
Content-Type: application/json; charset=utf-8
cache-control: no-cache

[DEBUG] Adding key: http://localhost:37189 for channel [id: 0x7151e1bc, L:/127.0.0.1:52360 - R:localhost/127.0.0.1:37189]
[DEBUG] Using pooled Channel '[id: 0x7151e1bc, L:/127.0.0.1:52360 - R:localhost/127.0.0.1:37189]' for 'POST' to 'http://localhost:37189/session/06c76e39e3cc06ba1210ce3891121f49/element/1fd44313-da12-43b1-8d5a-7ab36018d44b/clear'
[DEBUG] Using open Channel [id: 0x7151e1bc, L:/127.0.0.1:52360 - R:localhost/127.0.0.1:37189] for POST '/session/06c76e39e3cc06ba1210ce3891121f49/element/1fd44313-da12-43b1-8d5a-7ab36018d44b/clear'
[DEBUG] 

Request DefaultHttpRequest(decodeResult: success, version: HTTP/1.1)
POST /session/06c76e39e3cc06ba1210ce3891121f49/element/1fd44313-da12-43b1-8d5a-7ab36018d44b/clear HTTP/1.1
User-Agent: selenium/4.8.2 (java windows)
Content-Length: 50
Content-Type: application/json; charset=utf-8
host: localhost:37189
accept: */*

Response DefaultHttpResponse(decodeResult: success, version: HTTP/1.1)
HTTP/1.1 200 OK
Content-Length: 14
Content-Type: application/json; charset=utf-8
cache-control: no-cache

[DEBUG] Adding key: http://localhost:37189 for channel [id: 0x7151e1bc, L:/127.0.0.1:52360 - R:localhost/127.0.0.1:37189]
[DEBUG] Using pooled Channel '[id: 0x7151e1bc, L:/127.0.0.1:52360 - R:localhost/127.0.0.1:37189]' for 'POST' to 'http://localhost:37189/session/06c76e39e3cc06ba1210ce3891121f49/element'
[DEBUG] Using open Channel [id: 0x7151e1bc, L:/127.0.0.1:52360 - R:localhost/127.0.0.1:37189] for POST '/session/06c76e39e3cc06ba1210ce3891121f49/element'
[DEBUG] 

Request DefaultHttpRequest(decodeResult: success, version: HTTP/1.1)
POST /session/06c76e39e3cc06ba1210ce3891121f49/element HTTP/1.1
User-Agent: selenium/4.8.2 (java windows)
Content-Length: 77
Content-Type: application/json; charset=utf-8
host: localhost:37189
accept: */*

Response DefaultHttpResponse(decodeResult: success, version: HTTP/1.1)
HTTP/1.1 200 OK
Content-Length: 88
Content-Type: application/json; charset=utf-8
cache-control: no-cache

[DEBUG] Adding key: http://localhost:37189 for channel [id: 0x7151e1bc, L:/127.0.0.1:52360 - R:localhost/127.0.0.1:37189]
[DEBUG] Using pooled Channel '[id: 0x7151e1bc, L:/127.0.0.1:52360 - R:localhost/127.0.0.1:37189]' for 'POST' to 'http://localhost:37189/session/06c76e39e3cc06ba1210ce3891121f49/element/1fd44313-da12-43b1-8d5a-7ab36018d44b/value'
[DEBUG] Using open Channel [id: 0x7151e1bc, L:/127.0.0.1:52360 - R:localhost/127.0.0.1:37189] for POST '/session/06c76e39e3cc06ba1210ce3891121f49/element/1fd44313-da12-43b1-8d5a-7ab36018d44b/value'
[DEBUG] 

Request DefaultHttpRequest(decodeResult: success, version: HTTP/1.1)
POST /session/06c76e39e3cc06ba1210ce3891121f49/element/1fd44313-da12-43b1-8d5a-7ab36018d44b/value HTTP/1.1
User-Agent: selenium/4.8.2 (java windows)
Content-Length: 851
Content-Type: application/json; charset=utf-8
host: localhost:37189
accept: */*

Response DefaultHttpResponse(decodeResult: success, version: HTTP/1.1)
HTTP/1.1 200 OK
Content-Length: 14
Content-Type: application/json; charset=utf-8
cache-control: no-cache

[DEBUG] Adding key: http://localhost:37189 for channel [id: 0x7151e1bc, L:/127.0.0.1:52360 - R:localhost/127.0.0.1:37189]
[DEBUG] Using pooled Channel '[id: 0x7151e1bc, L:/127.0.0.1:52360 - R:localhost/127.0.0.1:37189]' for 'POST' to 'http://localhost:37189/session/06c76e39e3cc06ba1210ce3891121f49/element'
[DEBUG] Using open Channel [id: 0x7151e1bc, L:/127.0.0.1:52360 - R:localhost/127.0.0.1:37189] for POST '/session/06c76e39e3cc06ba1210ce3891121f49/element'
[DEBUG] 

Request DefaultHttpRequest(decodeResult: success, version: HTTP/1.1)
POST /session/06c76e39e3cc06ba1210ce3891121f49/element HTTP/1.1
User-Agent: selenium/4.8.2 (java windows)
Content-Length: 68
Content-Type: application/json; charset=utf-8
host: localhost:37189
accept: */*

Response DefaultHttpResponse(decodeResult: success, version: HTTP/1.1)
HTTP/1.1 200 OK
Content-Length: 88
Content-Type: application/json; charset=utf-8
cache-control: no-cache

[DEBUG] Adding key: http://localhost:37189 for channel [id: 0x7151e1bc, L:/127.0.0.1:52360 - R:localhost/127.0.0.1:37189]
[DEBUG] Using pooled Channel '[id: 0x7151e1bc, L:/127.0.0.1:52360 - R:localhost/127.0.0.1:37189]' for 'POST' to 'http://localhost:37189/session/06c76e39e3cc06ba1210ce3891121f49/element/8af9ceb4-221a-4114-893d-51001bae85f4/click'
[DEBUG] Using open Channel [id: 0x7151e1bc, L:/127.0.0.1:52360 - R:localhost/127.0.0.1:37189] for POST '/session/06c76e39e3cc06ba1210ce3891121f49/element/8af9ceb4-221a-4114-893d-51001bae85f4/click'
[DEBUG] 

Request DefaultHttpRequest(decodeResult: success, version: HTTP/1.1)
POST /session/06c76e39e3cc06ba1210ce3891121f49/element/8af9ceb4-221a-4114-893d-51001bae85f4/click HTTP/1.1
User-Agent: selenium/4.8.2 (java windows)
Content-Length: 50
Content-Type: application/json; charset=utf-8
host: localhost:37189
accept: */*

Response DefaultHttpResponse(decodeResult: success, version: HTTP/1.1)
HTTP/1.1 400 Bad Request
Content-Length: 883
Content-Type: application/json; charset=utf-8
cache-control: no-cache

[DEBUG] Adding key: http://localhost:37189 for channel [id: 0x7151e1bc, L:/127.0.0.1:52360 - R:localhost/127.0.0.1:37189]
[Ljava.lang.StackTraceElement;@4b93dd6a
[DEBUG] Using pooled Channel '[id: 0x7151e1bc, L:/127.0.0.1:52360 - R:localhost/127.0.0.1:37189]' for 'POST' to 'http://localhost:37189/session/06c76e39e3cc06ba1210ce3891121f49/element'
[DEBUG] Using open Channel [id: 0x7151e1bc, L:/127.0.0.1:52360 - R:localhost/127.0.0.1:37189] for POST '/session/06c76e39e3cc06ba1210ce3891121f49/element'
[DEBUG] 

Request DefaultHttpRequest(decodeResult: success, version: HTTP/1.1)
POST /session/06c76e39e3cc06ba1210ce3891121f49/element HTTP/1.1
User-Agent: selenium/4.8.2 (java windows)
Content-Length: 80
Content-Type: application/json; charset=utf-8
host: localhost:37189
accept: */*

Response DefaultHttpResponse(decodeResult: success, version: HTTP/1.1)
HTTP/1.1 200 OK
Content-Length: 88
Content-Type: application/json; charset=utf-8
cache-control: no-cache

[DEBUG] Adding key: http://localhost:37189 for channel [id: 0x7151e1bc, L:/127.0.0.1:52360 - R:localhost/127.0.0.1:37189]
[DEBUG] Using pooled Channel '[id: 0x7151e1bc, L:/127.0.0.1:52360 - R:localhost/127.0.0.1:37189]' for 'POST' to 'http://localhost:37189/session/06c76e39e3cc06ba1210ce3891121f49/element/91027674-3b87-49fc-ae7f-9882e85b509c/click'
[DEBUG] Using open Channel [id: 0x7151e1bc, L:/127.0.0.1:52360 - R:localhost/127.0.0.1:37189] for POST '/session/06c76e39e3cc06ba1210ce3891121f49/element/91027674-3b87-49fc-ae7f-9882e85b509c/click'
[DEBUG] 

Request DefaultHttpRequest(decodeResult: success, version: HTTP/1.1)
POST /session/06c76e39e3cc06ba1210ce3891121f49/element/91027674-3b87-49fc-ae7f-9882e85b509c/click HTTP/1.1
User-Agent: selenium/4.8.2 (java windows)
Content-Length: 50
Content-Type: application/json; charset=utf-8
host: localhost:37189
accept: */*

Response DefaultHttpResponse(decodeResult: success, version: HTTP/1.1)
HTTP/1.1 200 OK
Content-Length: 14
Content-Type: application/json; charset=utf-8
cache-control: no-cache

[DEBUG] Adding key: http://localhost:37189 for channel [id: 0x7151e1bc, L:/127.0.0.1:52360 - R:localhost/127.0.0.1:37189]
[DEBUG] Using pooled Channel '[id: 0x7151e1bc, L:/127.0.0.1:52360 - R:localhost/127.0.0.1:37189]' for 'GET' to 'http://localhost:37189/session/06c76e39e3cc06ba1210ce3891121f49/alert/text'
[DEBUG] Using open Channel [id: 0x7151e1bc, L:/127.0.0.1:52360 - R:localhost/127.0.0.1:37189] for GET '/session/06c76e39e3cc06ba1210ce3891121f49/alert/text'
[DEBUG] 

Request DefaultFullHttpRequest(decodeResult: success, version: HTTP/1.1, content: EmptyByteBufBE)
GET /session/06c76e39e3cc06ba1210ce3891121f49/alert/text HTTP/1.1
User-Agent: selenium/4.8.2 (java windows)
Cache-Control: no-cache
Content-Type: application/json; charset=utf-8
host: localhost:37189
accept: */*

Response DefaultHttpResponse(decodeResult: success, version: HTTP/1.1)
HTTP/1.1 200 OK
Content-Length: 32
Content-Type: application/json; charset=utf-8
cache-control: no-cache

[DEBUG] Adding key: http://localhost:37189 for channel [id: 0x7151e1bc, L:/127.0.0.1:52360 - R:localhost/127.0.0.1:37189]
[DEBUG] Using pooled Channel '[id: 0x7151e1bc, L:/127.0.0.1:52360 - R:localhost/127.0.0.1:37189]' for 'GET' to 'http://localhost:37189/session/06c76e39e3cc06ba1210ce3891121f49/alert/text'
[DEBUG] Using open Channel [id: 0x7151e1bc, L:/127.0.0.1:52360 - R:localhost/127.0.0.1:37189] for GET '/session/06c76e39e3cc06ba1210ce3891121f49/alert/text'
[DEBUG] 

Request DefaultFullHttpRequest(decodeResult: success, version: HTTP/1.1, content: EmptyByteBufBE)
GET /session/06c76e39e3cc06ba1210ce3891121f49/alert/text HTTP/1.1
User-Agent: selenium/4.8.2 (java windows)
Cache-Control: no-cache
Content-Type: application/json; charset=utf-8
host: localhost:37189
accept: */*

Response DefaultHttpResponse(decodeResult: success, version: HTTP/1.1)
HTTP/1.1 200 OK
Content-Length: 32
Content-Type: application/json; charset=utf-8
cache-control: no-cache

[DEBUG] Adding key: http://localhost:37189 for channel [id: 0x7151e1bc, L:/127.0.0.1:52360 - R:localhost/127.0.0.1:37189]
[DEBUG] Using pooled Channel '[id: 0x7151e1bc, L:/127.0.0.1:52360 - R:localhost/127.0.0.1:37189]' for 'POST' to 'http://localhost:37189/session/06c76e39e3cc06ba1210ce3891121f49/alert/accept'
[DEBUG] Using open Channel [id: 0x7151e1bc, L:/127.0.0.1:52360 - R:localhost/127.0.0.1:37189] for POST '/session/06c76e39e3cc06ba1210ce3891121f49/alert/accept'
[DEBUG] 

Request DefaultHttpRequest(decodeResult: success, version: HTTP/1.1)
POST /session/06c76e39e3cc06ba1210ce3891121f49/alert/accept HTTP/1.1
User-Agent: selenium/4.8.2 (java windows)
Content-Length: 3
Content-Type: application/json; charset=utf-8
host: localhost:37189
accept: */*

Response DefaultHttpResponse(decodeResult: success, version: HTTP/1.1)
HTTP/1.1 200 OK
Content-Length: 14
Content-Type: application/json; charset=utf-8
cache-control: no-cache

[DEBUG] Adding key: http://localhost:37189 for channel [id: 0x7151e1bc, L:/127.0.0.1:52360 - R:localhost/127.0.0.1:37189]
[DEBUG] Using pooled Channel '[id: 0x7151e1bc, L:/127.0.0.1:52360 - R:localhost/127.0.0.1:37189]' for 'POST' to 'http://localhost:37189/session/06c76e39e3cc06ba1210ce3891121f49/element'
[DEBUG] Using open Channel [id: 0x7151e1bc, L:/127.0.0.1:52360 - R:localhost/127.0.0.1:37189] for POST '/session/06c76e39e3cc06ba1210ce3891121f49/element'
[DEBUG] 

Request DefaultHttpRequest(decodeResult: success, version: HTTP/1.1)
POST /session/06c76e39e3cc06ba1210ce3891121f49/element HTTP/1.1
User-Agent: selenium/4.8.2 (java windows)
Content-Length: 89
Content-Type: application/json; charset=utf-8
host: localhost:37189
accept: */*

Response DefaultHttpResponse(decodeResult: success, version: HTTP/1.1)
HTTP/1.1 200 OK
Content-Length: 88
Content-Type: application/json; charset=utf-8
cache-control: no-cache

[DEBUG] Adding key: http://localhost:37189 for channel [id: 0x7151e1bc, L:/127.0.0.1:52360 - R:localhost/127.0.0.1:37189]
[DEBUG] Using pooled Channel '[id: 0x7151e1bc, L:/127.0.0.1:52360 - R:localhost/127.0.0.1:37189]' for 'GET' to 'http://localhost:37189/session/06c76e39e3cc06ba1210ce3891121f49/element/21c6afd3-658e-4a96-8e20-08a791d9b077/text'
[DEBUG] Using open Channel [id: 0x7151e1bc, L:/127.0.0.1:52360 - R:localhost/127.0.0.1:37189] for GET '/session/06c76e39e3cc06ba1210ce3891121f49/element/21c6afd3-658e-4a96-8e20-08a791d9b077/text'
[DEBUG] 

Request DefaultFullHttpRequest(decodeResult: success, version: HTTP/1.1, content: EmptyByteBufBE)
GET /session/06c76e39e3cc06ba1210ce3891121f49/element/21c6afd3-658e-4a96-8e20-08a791d9b077/text HTTP/1.1
User-Agent: selenium/4.8.2 (java windows)
Cache-Control: no-cache
Content-Type: application/json; charset=utf-8
host: localhost:37189
accept: */*

Response DefaultHttpResponse(decodeResult: success, version: HTTP/1.1)
HTTP/1.1 200 OK
Content-Length: 67
Content-Type: application/json; charset=utf-8
cache-control: no-cache

[DEBUG] Adding key: http://localhost:37189 for channel [id: 0x7151e1bc, L:/127.0.0.1:52360 - R:localhost/127.0.0.1:37189]
[INFO] Success Message is visible
[DEBUG] Using pooled Channel '[id: 0x7151e1bc, L:/127.0.0.1:52360 - R:localhost/127.0.0.1:37189]' for 'POST' to 'http://localhost:37189/session/06c76e39e3cc06ba1210ce3891121f49/element'
[DEBUG] Using open Channel [id: 0x7151e1bc, L:/127.0.0.1:52360 - R:localhost/127.0.0.1:37189] for POST '/session/06c76e39e3cc06ba1210ce3891121f49/element'
[DEBUG] 

Request DefaultHttpRequest(decodeResult: success, version: HTTP/1.1)
POST /session/06c76e39e3cc06ba1210ce3891121f49/element HTTP/1.1
User-Agent: selenium/4.8.2 (java windows)
Content-Length: 76
Content-Type: application/json; charset=utf-8
host: localhost:37189
accept: */*

Response DefaultHttpResponse(decodeResult: success, version: HTTP/1.1)
HTTP/1.1 200 OK
Content-Length: 88
Content-Type: application/json; charset=utf-8
cache-control: no-cache

[DEBUG] Adding key: http://localhost:37189 for channel [id: 0x7151e1bc, L:/127.0.0.1:52360 - R:localhost/127.0.0.1:37189]
[DEBUG] Using pooled Channel '[id: 0x7151e1bc, L:/127.0.0.1:52360 - R:localhost/127.0.0.1:37189]' for 'POST' to 'http://localhost:37189/session/06c76e39e3cc06ba1210ce3891121f49/element/94a991ef-542e-4624-afe2-84e6566dfc80/click'
[DEBUG] Using open Channel [id: 0x7151e1bc, L:/127.0.0.1:52360 - R:localhost/127.0.0.1:37189] for POST '/session/06c76e39e3cc06ba1210ce3891121f49/element/94a991ef-542e-4624-afe2-84e6566dfc80/click'
[DEBUG] Entry count for : http://localhost:52361 : 1
[DEBUG] Entry count for : http://localhost:52361 : 1
[DEBUG] Entry count for : http://localhost:52361 : 1
[DEBUG] Entry count for : http://localhost:52361 : 1
[DEBUG] Entry count for : http://localhost:52361 : 1
[DEBUG] Entry count for : http://localhost:52361 : 1
[DEBUG] Entry count for : http://localhost:52361 : 1
[DEBUG] Entry count for : http://localhost:52361 : 1
[DEBUG] Entry count for : http://localhost:52361 : 1
[DEBUG] Entry count for : http://localhost:52361 : 1
[DEBUG] Entry count for : http://localhost:52361 : 1
[DEBUG] Entry count for : http://localhost:52361 : 1
[DEBUG] Entry count for : http://localhost:52361 : 1
[DEBUG] Entry count for : http://localhost:52361 : 1
[DEBUG] Entry count for : http://localhost:52361 : 1
[DEBUG] Entry count for : http://localhost:52361 : 1
[DEBUG] Entry count for : http://localhost:52361 : 1
[DEBUG] Entry count for : http://localhost:52361 : 1
[DEBUG] Entry count for : http://localhost:52361 : 1
[DEBUG] Entry count for : http://localhost:52361 : 1
[DEBUG] Entry count for : http://localhost:52361 : 1
[DEBUG] Entry count for : http://localhost:52361 : 1
[DEBUG] Entry count for : http://localhost:52361 : 1
[DEBUG] 

Request DefaultHttpRequest(decodeResult: success, version: HTTP/1.1)
POST /session/06c76e39e3cc06ba1210ce3891121f49/element/94a991ef-542e-4624-afe2-84e6566dfc80/click HTTP/1.1
User-Agent: selenium/4.8.2 (java windows)
Content-Length: 50
Content-Type: application/json; charset=utf-8
host: localhost:37189
accept: */*

Response DefaultHttpResponse(decodeResult: success, version: HTTP/1.1)
HTTP/1.1 200 OK
Content-Length: 14
Content-Type: application/json; charset=utf-8
cache-control: no-cache

[DEBUG] Adding key: http://localhost:37189 for channel [id: 0x7151e1bc, L:/127.0.0.1:52360 - R:localhost/127.0.0.1:37189]
[DEBUG] Using pooled Channel '[id: 0x7151e1bc, L:/127.0.0.1:52360 - R:localhost/127.0.0.1:37189]' for 'POST' to 'http://localhost:37189/session/06c76e39e3cc06ba1210ce3891121f49/element'
[DEBUG] Using open Channel [id: 0x7151e1bc, L:/127.0.0.1:52360 - R:localhost/127.0.0.1:37189] for POST '/session/06c76e39e3cc06ba1210ce3891121f49/element'
[DEBUG] 

Request DefaultHttpRequest(decodeResult: success, version: HTTP/1.1)
POST /session/06c76e39e3cc06ba1210ce3891121f49/element HTTP/1.1
User-Agent: selenium/4.8.2 (java windows)
Content-Length: 92
Content-Type: application/json; charset=utf-8
host: localhost:37189
accept: */*

Response DefaultHttpResponse(decodeResult: success, version: HTTP/1.1)
HTTP/1.1 200 OK
Content-Length: 88
Content-Type: application/json; charset=utf-8
cache-control: no-cache

[DEBUG] Adding key: http://localhost:37189 for channel [id: 0x7151e1bc, L:/127.0.0.1:52360 - R:localhost/127.0.0.1:37189]
[DEBUG] Using pooled Channel '[id: 0x7151e1bc, L:/127.0.0.1:52360 - R:localhost/127.0.0.1:37189]' for 'POST' to 'http://localhost:37189/session/06c76e39e3cc06ba1210ce3891121f49/execute/sync'
[DEBUG] Using open Channel [id: 0x7151e1bc, L:/127.0.0.1:52360 - R:localhost/127.0.0.1:37189] for POST '/session/06c76e39e3cc06ba1210ce3891121f49/execute/sync'
[DEBUG] 

Request DefaultHttpRequest(decodeResult: success, version: HTTP/1.1)
POST /session/06c76e39e3cc06ba1210ce3891121f49/execute/sync HTTP/1.1
User-Agent: selenium/4.8.2 (java windows)
Content-Length: 48807
Content-Type: application/json; charset=utf-8
host: localhost:37189
accept: */*

Response DefaultHttpResponse(decodeResult: success, version: HTTP/1.1)
HTTP/1.1 200 OK
Content-Length: 14
Content-Type: application/json; charset=utf-8
cache-control: no-cache

[DEBUG] Adding key: http://localhost:37189 for channel [id: 0x7151e1bc, L:/127.0.0.1:52360 - R:localhost/127.0.0.1:37189]
[DEBUG] Using pooled Channel '[id: 0x7151e1bc, L:/127.0.0.1:52360 - R:localhost/127.0.0.1:37189]' for 'DELETE' to 'http://localhost:37189/session/06c76e39e3cc06ba1210ce3891121f49/window'
[DEBUG] Using open Channel [id: 0x7151e1bc, L:/127.0.0.1:52360 - R:localhost/127.0.0.1:37189] for DELETE '/session/06c76e39e3cc06ba1210ce3891121f49/window'
[DEBUG] 

Request DefaultFullHttpRequest(decodeResult: success, version: HTTP/1.1, content: EmptyByteBufBE)
DELETE /session/06c76e39e3cc06ba1210ce3891121f49/window HTTP/1.1
User-Agent: selenium/4.8.2 (java windows)
Content-Type: application/json; charset=utf-8
host: localhost:37189
accept: */*

Response DefaultHttpResponse(decodeResult: success, version: HTTP/1.1)
HTTP/1.1 200 OK
Content-Length: 46
Content-Type: application/json; charset=utf-8
cache-control: no-cache

[DEBUG] Adding key: http://localhost:37189 for channel [id: 0x7151e1bc, L:/127.0.0.1:52360 - R:localhost/127.0.0.1:37189]
]]></system-out>
    <system-err><![CDATA[Starting ChromeDriver 112.0.5615.49 (bd2a7bcb881c11e8cfe3078709382934e3916914-refs/branch-heads/5615@{#936}) on port 37189
Only local connections are allowed.
Please see https://chromedriver.chromium.org/security-considerations for suggestions on keeping ChromeDriver safe.
ChromeDriver was started successfully.
Apr 19, 2023 9:25:13 PM org.openqa.selenium.devtools.CdpVersionFinder findNearestMatch
WARNING: Unable to find an exact match for CDP version 112, so returning the closest version found: 111
]]></system-err>
  </testcase>
</testsuite>