<?xml version="1.0" encoding="UTF-8"?>
<!-- Generated by org.testng.reporters.JUnitReportReporter -->
<testsuite hostname="LAPTOP-B992BI1B" failures="0" tests="1" name="testRunner.Run" time="73.674" errors="0" timestamp="2023-04-25T18:07:11 IST" skipped="0">
  <testcase classname="testRunner.Run" name="runScenario" time="73.674"/>
  <system-out/>
</testsuite> <!-- testRunner.Run -->
