<?xml version="1.0" encoding="UTF-8"?>
<!-- Generated by org.testng.reporters.JUnitReportReporter -->
<testsuite hostname="LAPTOP-B992BI1B" failures="0" tests="1" name="testRunner.Run" time="33.565" errors="0" timestamp="2023-04-20T16:57:41 IST" skipped="0">
  <testcase classname="testRunner.Run" name="runScenario" time="33.565"/>
  <system-out/>
</testsuite> <!-- testRunner.Run -->
