<?xml version="1.0" encoding="UTF-8"?>
<!-- Generated by org.testng.reporters.JUnitReportReporter -->
<testsuite hostname="LAPTOP-B992BI1B" failures="0" tests="1" name="testRunner.Run" time="63.730" errors="0" timestamp="2023-04-19T21:26:11 IST" skipped="0">
  <testcase classname="testRunner.Run" name="runScenario" time="63.730"/>
  <system-out/>
</testsuite> <!-- testRunner.Run -->
